{"total": {"lines":{"total":509,"covered":398,"skipped":0,"pct":78.19},"statements":{"total":530,"covered":414,"skipped":0,"pct":78.11},"functions":{"total":115,"covered":100,"skipped":0,"pct":86.95},"branches":{"total":210,"covered":164,"skipped":0,"pct":78.09},"branchesTrue":{"total":0,"covered":0,"skipped":0,"pct":100}}
,"/home/runner/work/ts-retype/ts-retype/src/clusters.ts": {"lines":{"total":33,"covered":26,"skipped":0,"pct":78.78},"functions":{"total":13,"covered":13,"skipped":0,"pct":100},"statements":{"total":33,"covered":26,"skipped":0,"pct":78.78},"branches":{"total":19,"covered":9,"skipped":0,"pct":47.36}}
,"/home/runner/work/ts-retype/ts-retype/src/cmd.ts": {"lines":{"total":28,"covered":9,"skipped":0,"pct":32.14},"functions":{"total":3,"covered":1,"skipped":0,"pct":33.33},"statements":{"total":28,"covered":9,"skipped":0,"pct":32.14},"branches":{"total":11,"covered":3,"skipped":0,"pct":27.27}}
,"/home/runner/work/ts-retype/ts-retype/src/config.ts": {"lines":{"total":11,"covered":11,"skipped":0,"pct":100},"functions":{"total":4,"covered":4,"skipped":0,"pct":100},"statements":{"total":11,"covered":11,"skipped":0,"pct":100},"branches":{"total":8,"covered":8,"skipped":0,"pct":100}}
,"/home/runner/work/ts-retype/ts-retype/src/dev.ts": {"lines":{"total":13,"covered":0,"skipped":0,"pct":0},"functions":{"total":0,"covered":0,"skipped":0,"pct":100},"statements":{"total":13,"covered":0,"skipped":0,"pct":0},"branches":{"total":0,"covered":0,"skipped":0,"pct":100}}
,"/home/runner/work/ts-retype/ts-retype/src/log.ts": {"lines":{"total":33,"covered":12,"skipped":0,"pct":36.36},"functions":{"total":9,"covered":3,"skipped":0,"pct":33.33},"statements":{"total":36,"covered":12,"skipped":0,"pct":33.33},"branches":{"total":7,"covered":2,"skipped":0,"pct":28.57}}
,"/home/runner/work/ts-retype/ts-retype/src/parse.ts": {"lines":{"total":88,"covered":86,"skipped":0,"pct":97.72},"functions":{"total":33,"covered":33,"skipped":0,"pct":100},"statements":{"total":96,"covered":94,"skipped":0,"pct":97.91},"branches":{"total":55,"covered":46,"skipped":0,"pct":83.63}}
,"/home/runner/work/ts-retype/ts-retype/src/report.ts": {"lines":{"total":44,"covered":39,"skipped":0,"pct":88.63},"functions":{"total":2,"covered":2,"skipped":0,"pct":100},"statements":{"total":44,"covered":39,"skipped":0,"pct":88.63},"branches":{"total":5,"covered":3,"skipped":0,"pct":60}}
,"/home/runner/work/ts-retype/ts-retype/src/scan.ts": {"lines":{"total":42,"covered":38,"skipped":0,"pct":90.47},"functions":{"total":4,"covered":4,"skipped":0,"pct":100},"statements":{"total":44,"covered":40,"skipped":0,"pct":90.9},"branches":{"total":2,"covered":1,"skipped":0,"pct":50}}
,"/home/runner/work/ts-retype/ts-retype/src/similarity.ts": {"lines":{"total":101,"covered":97,"skipped":0,"pct":96.03},"functions":{"total":10,"covered":10,"skipped":0,"pct":100},"statements":{"total":103,"covered":99,"skipped":0,"pct":96.11},"branches":{"total":56,"covered":52,"skipped":0,"pct":92.85}}
,"/home/runner/work/ts-retype/ts-retype/src/source.ts": {"lines":{"total":31,"covered":30,"skipped":0,"pct":96.77},"functions":{"total":6,"covered":6,"skipped":0,"pct":100},"statements":{"total":32,"covered":31,"skipped":0,"pct":96.87},"branches":{"total":23,"covered":22,"skipped":0,"pct":95.65}}
,"/home/runner/work/ts-retype/ts-retype/src/ts-retype.ts": {"lines":{"total":25,"covered":0,"skipped":0,"pct":0},"functions":{"total":3,"covered":0,"skipped":0,"pct":0},"statements":{"total":25,"covered":0,"skipped":0,"pct":0},"branches":{"total":5,"covered":0,"skipped":0,"pct":0}}
,"/home/runner/work/ts-retype/ts-retype/src/utils.ts": {"lines":{"total":41,"covered":32,"skipped":0,"pct":78.04},"functions":{"total":18,"covered":15,"skipped":0,"pct":83.33},"statements":{"total":46,"covered":35,"skipped":0,"pct":76.08},"branches":{"total":15,"covered":14,"skipped":0,"pct":93.33}}
,"/home/runner/work/ts-retype/ts-retype/src/types/candidate.ts": {"lines":{"total":9,"covered":8,"skipped":0,"pct":88.88},"functions":{"total":8,"covered":7,"skipped":0,"pct":87.5},"statements":{"total":9,"covered":8,"skipped":0,"pct":88.88},"branches":{"total":2,"covered":2,"skipped":0,"pct":100}}
,"/home/runner/work/ts-retype/ts-retype/src/types/defaults.ts": {"lines":{"total":3,"covered":3,"skipped":0,"pct":100},"functions":{"total":0,"covered":0,"skipped":0,"pct":100},"statements":{"total":3,"covered":3,"skipped":0,"pct":100},"branches":{"total":0,"covered":0,"skipped":0,"pct":100}}
,"/home/runner/work/ts-retype/ts-retype/src/types/similarity.ts": {"lines":{"total":6,"covered":6,"skipped":0,"pct":100},"functions":{"total":1,"covered":1,"skipped":0,"pct":100},"statements":{"total":6,"covered":6,"skipped":0,"pct":100},"branches":{"total":2,"covered":2,"skipped":0,"pct":100}}
,"/home/runner/work/ts-retype/ts-retype/tests/lib/tests.ts": {"lines":{"total":1,"covered":1,"skipped":0,"pct":100},"functions":{"total":1,"covered":1,"skipped":0,"pct":100},"statements":{"total":1,"covered":1,"skipped":0,"pct":100},"branches":{"total":0,"covered":0,"skipped":0,"pct":100}}
}
