{"/home/runner/work/ts-retype/ts-retype/retype/src/clusters.ts": {"path":"/home/runner/work/ts-retype/ts-retype/retype/src/clusters.ts","all":false,"statementMap":{"0":{"start":{"line":1,"column":0},"end":{"line":1,"column":35}},"1":{"start":{"line":2,"column":0},"end":{"line":2,"column":62}},"2":{"start":{"line":3,"column":0},"end":{"line":3,"column":28}},"3":{"start":{"line":4,"column":0},"end":{"line":4,"column":49}},"4":{"start":{"line":5,"column":0},"end":{"line":5,"column":36}},"5":{"start":{"line":6,"column":0},"end":{"line":6,"column":43}},"6":{"start":{"line":7,"column":0},"end":{"line":7,"column":49}},"7":{"start":{"line":8,"column":0},"end":{"line":8,"column":8}},"8":{"start":{"line":9,"column":0},"end":{"line":9,"column":16}},"9":{"start":{"line":10,"column":0},"end":{"line":10,"column":23}},"10":{"start":{"line":11,"column":0},"end":{"line":11,"column":20}},"11":{"start":{"line":12,"column":0},"end":{"line":12,"column":24}},"12":{"start":{"line":13,"column":0},"end":{"line":13,"column":21}},"13":{"start":{"line":14,"column":0},"end":{"line":14,"column":22}},"14":{"start":{"line":15,"column":0},"end":{"line":15,"column":11}},"15":{"start":{"line":16,"column":0},"end":{"line":16,"column":30}},"16":{"start":{"line":17,"column":0},"end":{"line":17,"column":0}},"17":{"start":{"line":18,"column":0},"end":{"line":18,"column":62}},"18":{"start":{"line":19,"column":0},"end":{"line":19,"column":22}},"19":{"start":{"line":20,"column":0},"end":{"line":20,"column":17}},"20":{"start":{"line":21,"column":0},"end":{"line":21,"column":21}},"21":{"start":{"line":22,"column":0},"end":{"line":22,"column":19}},"22":{"start":{"line":23,"column":0},"end":{"line":23,"column":64}},"23":{"start":{"line":24,"column":0},"end":{"line":24,"column":16}},"24":{"start":{"line":25,"column":0},"end":{"line":25,"column":58}},"25":{"start":{"line":26,"column":0},"end":{"line":26,"column":20}},"26":{"start":{"line":27,"column":0},"end":{"line":27,"column":65}},"27":{"start":{"line":28,"column":0},"end":{"line":28,"column":17}},"28":{"start":{"line":29,"column":0},"end":{"line":29,"column":57}},"29":{"start":{"line":30,"column":0},"end":{"line":30,"column":3}},"30":{"start":{"line":31,"column":0},"end":{"line":31,"column":14}},"31":{"start":{"line":32,"column":0},"end":{"line":32,"column":1}},"32":{"start":{"line":33,"column":0},"end":{"line":33,"column":0}},"33":{"start":{"line":34,"column":0},"end":{"line":34,"column":32}},"34":{"start":{"line":35,"column":0},"end":{"line":35,"column":25}},"35":{"start":{"line":36,"column":0},"end":{"line":36,"column":18}},"36":{"start":{"line":37,"column":0},"end":{"line":37,"column":56}},"37":{"start":{"line":38,"column":0},"end":{"line":38,"column":96}},"38":{"start":{"line":39,"column":0},"end":{"line":39,"column":29}},"39":{"start":{"line":40,"column":0},"end":{"line":40,"column":47}},"40":{"start":{"line":41,"column":0},"end":{"line":41,"column":28}},"41":{"start":{"line":42,"column":0},"end":{"line":42,"column":71}},"42":{"start":{"line":43,"column":0},"end":{"line":43,"column":16}},"43":{"start":{"line":44,"column":0},"end":{"line":44,"column":79}},"44":{"start":{"line":45,"column":0},"end":{"line":45,"column":31}},"45":{"start":{"line":46,"column":0},"end":{"line":46,"column":67}},"46":{"start":{"line":47,"column":0},"end":{"line":47,"column":19}},"47":{"start":{"line":48,"column":0},"end":{"line":48,"column":73}},"48":{"start":{"line":49,"column":0},"end":{"line":49,"column":14}},"49":{"start":{"line":50,"column":0},"end":{"line":50,"column":13}},"50":{"start":{"line":51,"column":0},"end":{"line":51,"column":15}},"51":{"start":{"line":52,"column":0},"end":{"line":52,"column":12}},"52":{"start":{"line":53,"column":0},"end":{"line":53,"column":13}},"53":{"start":{"line":54,"column":0},"end":{"line":54,"column":31}},"54":{"start":{"line":55,"column":0},"end":{"line":55,"column":12}},"55":{"start":{"line":56,"column":0},"end":{"line":56,"column":8}},"56":{"start":{"line":57,"column":0},"end":{"line":57,"column":7}},"57":{"start":{"line":58,"column":0},"end":{"line":58,"column":3}},"58":{"start":{"line":59,"column":0},"end":{"line":59,"column":25}},"59":{"start":{"line":60,"column":0},"end":{"line":60,"column":18}},"60":{"start":{"line":61,"column":0},"end":{"line":61,"column":16}},"61":{"start":{"line":62,"column":0},"end":{"line":62,"column":26}},"62":{"start":{"line":63,"column":0},"end":{"line":63,"column":40}},"63":{"start":{"line":64,"column":0},"end":{"line":64,"column":94}},"64":{"start":{"line":65,"column":0},"end":{"line":65,"column":28}},"65":{"start":{"line":66,"column":0},"end":{"line":66,"column":1}},"66":{"start":{"line":67,"column":0},"end":{"line":67,"column":0}},"67":{"start":{"line":68,"column":0},"end":{"line":68,"column":83}},"68":{"start":{"line":69,"column":0},"end":{"line":69,"column":57}},"69":{"start":{"line":70,"column":0},"end":{"line":70,"column":1}},"70":{"start":{"line":71,"column":0},"end":{"line":71,"column":0}},"71":{"start":{"line":72,"column":0},"end":{"line":72,"column":83}},"72":{"start":{"line":73,"column":0},"end":{"line":73,"column":36}},"73":{"start":{"line":74,"column":0},"end":{"line":74,"column":1}},"74":{"start":{"line":75,"column":0},"end":{"line":75,"column":0}},"75":{"start":{"line":76,"column":0},"end":{"line":76,"column":53}},"76":{"start":{"line":77,"column":0},"end":{"line":77,"column":10}},"77":{"start":{"line":78,"column":0},"end":{"line":78,"column":20}},"78":{"start":{"line":79,"column":0},"end":{"line":79,"column":20}},"79":{"start":{"line":80,"column":0},"end":{"line":80,"column":4}},"80":{"start":{"line":81,"column":0},"end":{"line":81,"column":1}},"81":{"start":{"line":82,"column":0},"end":{"line":82,"column":0}},"82":{"start":{"line":83,"column":0},"end":{"line":83,"column":83}},"83":{"start":{"line":84,"column":0},"end":{"line":84,"column":46}},"84":{"start":{"line":85,"column":0},"end":{"line":85,"column":54}},"85":{"start":{"line":86,"column":0},"end":{"line":86,"column":36}},"86":{"start":{"line":87,"column":0},"end":{"line":87,"column":68}},"87":{"start":{"line":88,"column":0},"end":{"line":88,"column":6}},"88":{"start":{"line":89,"column":0},"end":{"line":89,"column":32}},"89":{"start":{"line":90,"column":0},"end":{"line":90,"column":17}},"90":{"start":{"line":91,"column":0},"end":{"line":91,"column":17}},"91":{"start":{"line":92,"column":0},"end":{"line":92,"column":21}},"92":{"start":{"line":93,"column":0},"end":{"line":93,"column":19}},"93":{"start":{"line":94,"column":0},"end":{"line":94,"column":14}},"94":{"start":{"line":95,"column":0},"end":{"line":95,"column":84}},"95":{"start":{"line":96,"column":0},"end":{"line":96,"column":27}},"96":{"start":{"line":97,"column":0},"end":{"line":97,"column":10}},"97":{"start":{"line":98,"column":0},"end":{"line":98,"column":8}},"98":{"start":{"line":99,"column":0},"end":{"line":99,"column":16}},"99":{"start":{"line":100,"column":0},"end":{"line":100,"column":14}},"100":{"start":{"line":101,"column":0},"end":{"line":101,"column":71}},"101":{"start":{"line":102,"column":0},"end":{"line":102,"column":8}},"102":{"start":{"line":103,"column":0},"end":{"line":103,"column":20}},"103":{"start":{"line":104,"column":0},"end":{"line":104,"column":14}},"104":{"start":{"line":105,"column":0},"end":{"line":105,"column":85}},"105":{"start":{"line":106,"column":0},"end":{"line":106,"column":27}},"106":{"start":{"line":107,"column":0},"end":{"line":107,"column":10}},"107":{"start":{"line":108,"column":0},"end":{"line":108,"column":81}},"108":{"start":{"line":109,"column":0},"end":{"line":109,"column":8}},"109":{"start":{"line":110,"column":0},"end":{"line":110,"column":17}},"110":{"start":{"line":111,"column":0},"end":{"line":111,"column":14}},"111":{"start":{"line":112,"column":0},"end":{"line":112,"column":68}},"112":{"start":{"line":113,"column":0},"end":{"line":113,"column":8}},"113":{"start":{"line":114,"column":0},"end":{"line":114,"column":3}},"114":{"start":{"line":115,"column":0},"end":{"line":115,"column":1}},"115":{"start":{"line":116,"column":0},"end":{"line":116,"column":0}},"116":{"start":{"line":117,"column":0},"end":{"line":117,"column":78}},"117":{"start":{"line":118,"column":0},"end":{"line":118,"column":16}},"118":{"start":{"line":119,"column":0},"end":{"line":119,"column":30}},"119":{"start":{"line":120,"column":0},"end":{"line":120,"column":25}},"120":{"start":{"line":121,"column":0},"end":{"line":121,"column":43}},"121":{"start":{"line":122,"column":0},"end":{"line":122,"column":23}},"122":{"start":{"line":123,"column":0},"end":{"line":123,"column":12}},"123":{"start":{"line":124,"column":0},"end":{"line":124,"column":25}},"124":{"start":{"line":125,"column":0},"end":{"line":125,"column":3}},"125":{"start":{"line":126,"column":0},"end":{"line":126,"column":1}},"126":{"start":{"line":127,"column":0},"end":{"line":127,"column":0}},"127":{"start":{"line":128,"column":0},"end":{"line":128,"column":37}},"128":{"start":{"line":129,"column":0},"end":{"line":129,"column":31}},"129":{"start":{"line":130,"column":0},"end":{"line":130,"column":34}},"130":{"start":{"line":131,"column":0},"end":{"line":131,"column":20}},"131":{"start":{"line":132,"column":0},"end":{"line":132,"column":31}},"132":{"start":{"line":133,"column":0},"end":{"line":133,"column":20}},"133":{"start":{"line":134,"column":0},"end":{"line":134,"column":8}},"134":{"start":{"line":135,"column":0},"end":{"line":135,"column":47}},"135":{"start":{"line":136,"column":0},"end":{"line":136,"column":47}},"136":{"start":{"line":137,"column":0},"end":{"line":137,"column":64}},"137":{"start":{"line":138,"column":0},"end":{"line":138,"column":43}},"138":{"start":{"line":139,"column":0},"end":{"line":139,"column":26}},"139":{"start":{"line":140,"column":0},"end":{"line":140,"column":4}},"140":{"start":{"line":141,"column":0},"end":{"line":141,"column":13}},"141":{"start":{"line":142,"column":0},"end":{"line":142,"column":1}}},"s":{"0":1,"1":1,"2":1,"3":1,"4":1,"5":1,"6":1,"7":1,"8":1,"9":1,"10":1,"11":1,"12":1,"13":1,"14":1,"15":1,"16":1,"17":32,"18":32,"19":32,"20":32,"21":32,"22":28,"23":32,"24":0,"25":32,"26":2,"27":32,"28":2,"29":32,"30":0,"31":0,"32":1,"33":1,"34":23,"35":23,"36":23,"37":23,"38":23,"39":32,"40":32,"41":2,"42":30,"43":32,"44":32,"45":2,"46":30,"47":32,"48":32,"49":32,"50":32,"51":32,"52":32,"53":32,"54":32,"55":32,"56":23,"57":23,"58":23,"59":23,"60":23,"61":23,"62":23,"63":23,"64":23,"65":23,"66":1,"67":10,"68":10,"69":10,"70":1,"71":10,"72":10,"73":10,"74":1,"75":15,"76":15,"77":15,"78":15,"79":15,"80":15,"81":1,"82":10,"83":10,"84":10,"85":10,"86":10,"87":10,"88":10,"89":10,"90":10,"91":10,"92":10,"93":9,"94":9,"95":9,"96":9,"97":9,"98":10,"99":0,"100":0,"101":0,"102":10,"103":0,"104":0,"105":0,"106":0,"107":0,"108":0,"109":10,"110":1,"111":1,"112":1,"113":10,"114":10,"115":1,"116":10,"117":10,"118":10,"119":2,"120":10,"121":6,"122":10,"123":2,"124":10,"125":10,"126":1,"127":1,"128":7,"129":7,"130":7,"131":7,"132":7,"133":10,"134":10,"135":10,"136":10,"137":10,"138":10,"139":7,"140":7,"141":7},"branchMap":{"0":{"type":"branch","line":18,"loc":{"start":{"line":18,"column":0},"end":{"line":32,"column":1}},"locations":[{"start":{"line":18,"column":0},"end":{"line":32,"column":1}}]},"1":{"type":"branch","line":20,"loc":{"start":{"line":20,"column":4},"end":{"line":20,"column":17}},"locations":[{"start":{"line":20,"column":4},"end":{"line":20,"column":17}}]},"2":{"type":"branch","line":21,"loc":{"start":{"line":21,"column":4},"end":{"line":21,"column":21}},"locations":[{"start":{"line":21,"column":4},"end":{"line":21,"column":21}}]},"3":{"type":"branch","line":22,"loc":{"start":{"line":22,"column":4},"end":{"line":23,"column":64}},"locations":[{"start":{"line":22,"column":4},"end":{"line":23,"column":64}}]},"4":{"type":"branch","line":24,"loc":{"start":{"line":24,"column":4},"end":{"line":25,"column":58}},"locations":[{"start":{"line":24,"column":4},"end":{"line":25,"column":58}}]},"5":{"type":"branch","line":26,"loc":{"start":{"line":26,"column":4},"end":{"line":27,"column":65}},"locations":[{"start":{"line":26,"column":4},"end":{"line":27,"column":65}}]},"6":{"type":"branch","line":28,"loc":{"start":{"line":28,"column":4},"end":{"line":29,"column":57}},"locations":[{"start":{"line":28,"column":4},"end":{"line":29,"column":57}}]},"7":{"type":"branch","line":30,"loc":{"start":{"line":30,"column":2},"end":{"line":32,"column":1}},"locations":[{"start":{"line":30,"column":2},"end":{"line":32,"column":1}}]},"8":{"type":"branch","line":34,"loc":{"start":{"line":34,"column":7},"end":{"line":66,"column":1}},"locations":[{"start":{"line":34,"column":7},"end":{"line":66,"column":1}}]},"9":{"type":"branch","line":38,"loc":{"start":{"line":38,"column":2},"end":{"line":58,"column":3}},"locations":[{"start":{"line":38,"column":2},"end":{"line":58,"column":3}}]},"10":{"type":"branch","line":39,"loc":{"start":{"line":39,"column":21},"end":{"line":57,"column":5}},"locations":[{"start":{"line":39,"column":21},"end":{"line":57,"column":5}}]},"11":{"type":"branch","line":41,"loc":{"start":{"line":41,"column":18},"end":{"line":42,"column":71}},"locations":[{"start":{"line":41,"column":18},"end":{"line":42,"column":71}}]},"12":{"type":"branch","line":42,"loc":{"start":{"line":42,"column":50},"end":{"line":42,"column":71}},"locations":[{"start":{"line":42,"column":50},"end":{"line":42,"column":71}}]},"13":{"type":"branch","line":42,"loc":{"start":{"line":42,"column":61},"end":{"line":43,"column":16}},"locations":[{"start":{"line":42,"column":61},"end":{"line":43,"column":16}}]},"14":{"type":"branch","line":45,"loc":{"start":{"line":45,"column":21},"end":{"line":46,"column":67}},"locations":[{"start":{"line":45,"column":21},"end":{"line":46,"column":67}}]},"15":{"type":"branch","line":46,"loc":{"start":{"line":46,"column":56},"end":{"line":46,"column":67}},"locations":[{"start":{"line":46,"column":56},"end":{"line":46,"column":67}}]},"16":{"type":"branch","line":46,"loc":{"start":{"line":46,"column":66},"end":{"line":47,"column":19}},"locations":[{"start":{"line":46,"column":66},"end":{"line":47,"column":19}}]},"17":{"type":"branch","line":48,"loc":{"start":{"line":48,"column":18},"end":{"line":48,"column":67}},"locations":[{"start":{"line":48,"column":18},"end":{"line":48,"column":67}}]},"18":{"type":"branch","line":48,"loc":{"start":{"line":48,"column":46},"end":{"line":48,"column":73}},"locations":[{"start":{"line":48,"column":46},"end":{"line":48,"column":73}}]},"19":{"type":"branch","line":62,"loc":{"start":{"line":62,"column":9},"end":{"line":62,"column":24}},"locations":[{"start":{"line":62,"column":9},"end":{"line":62,"column":24}}]},"20":{"type":"branch","line":68,"loc":{"start":{"line":68,"column":0},"end":{"line":70,"column":1}},"locations":[{"start":{"line":68,"column":0},"end":{"line":70,"column":1}}]},"21":{"type":"branch","line":72,"loc":{"start":{"line":72,"column":0},"end":{"line":74,"column":1}},"locations":[{"start":{"line":72,"column":0},"end":{"line":74,"column":1}}]},"22":{"type":"branch","line":76,"loc":{"start":{"line":76,"column":0},"end":{"line":81,"column":1}},"locations":[{"start":{"line":76,"column":0},"end":{"line":81,"column":1}}]},"23":{"type":"branch","line":83,"loc":{"start":{"line":83,"column":0},"end":{"line":115,"column":1}},"locations":[{"start":{"line":83,"column":0},"end":{"line":115,"column":1}}]},"24":{"type":"branch","line":91,"loc":{"start":{"line":91,"column":4},"end":{"line":91,"column":17}},"locations":[{"start":{"line":91,"column":4},"end":{"line":91,"column":17}}]},"25":{"type":"branch","line":92,"loc":{"start":{"line":92,"column":4},"end":{"line":92,"column":21}},"locations":[{"start":{"line":92,"column":4},"end":{"line":92,"column":21}}]},"26":{"type":"branch","line":93,"loc":{"start":{"line":93,"column":4},"end":{"line":98,"column":8}},"locations":[{"start":{"line":93,"column":4},"end":{"line":98,"column":8}}]},"27":{"type":"branch","line":99,"loc":{"start":{"line":99,"column":4},"end":{"line":102,"column":8}},"locations":[{"start":{"line":99,"column":4},"end":{"line":102,"column":8}}]},"28":{"type":"branch","line":103,"loc":{"start":{"line":103,"column":4},"end":{"line":109,"column":8}},"locations":[{"start":{"line":103,"column":4},"end":{"line":109,"column":8}}]},"29":{"type":"branch","line":110,"loc":{"start":{"line":110,"column":4},"end":{"line":113,"column":8}},"locations":[{"start":{"line":110,"column":4},"end":{"line":113,"column":8}}]},"30":{"type":"branch","line":117,"loc":{"start":{"line":117,"column":0},"end":{"line":126,"column":1}},"locations":[{"start":{"line":117,"column":0},"end":{"line":126,"column":1}}]},"31":{"type":"branch","line":119,"loc":{"start":{"line":119,"column":4},"end":{"line":120,"column":25}},"locations":[{"start":{"line":119,"column":4},"end":{"line":120,"column":25}}]},"32":{"type":"branch","line":121,"loc":{"start":{"line":121,"column":4},"end":{"line":122,"column":23}},"locations":[{"start":{"line":121,"column":4},"end":{"line":122,"column":23}}]},"33":{"type":"branch","line":123,"loc":{"start":{"line":123,"column":4},"end":{"line":124,"column":25}},"locations":[{"start":{"line":123,"column":4},"end":{"line":124,"column":25}}]},"34":{"type":"branch","line":128,"loc":{"start":{"line":128,"column":7},"end":{"line":142,"column":1}},"locations":[{"start":{"line":128,"column":7},"end":{"line":142,"column":1}}]},"35":{"type":"branch","line":133,"loc":{"start":{"line":133,"column":4},"end":{"line":139,"column":26}},"locations":[{"start":{"line":133,"column":4},"end":{"line":139,"column":26}}]}},"b":{"0":[32],"1":[0],"2":[1],"3":[28],"4":[0],"5":[2],"6":[2],"7":[0],"8":[23],"9":[23],"10":[32],"11":[2],"12":[0],"13":[30],"14":[2],"15":[0],"16":[30],"17":[2],"18":[30],"19":[100],"20":[10],"21":[10],"22":[15],"23":[10],"24":[0],"25":[0],"26":[9],"27":[0],"28":[0],"29":[1],"30":[10],"31":[2],"32":[6],"33":[2],"34":[7],"35":[10]},"fnMap":{"0":{"name":"nonEmptyCandidateType","decl":{"start":{"line":18,"column":0},"end":{"line":32,"column":1}},"loc":{"start":{"line":18,"column":0},"end":{"line":32,"column":1}},"line":18},"1":{"name":"findTypesInFile","decl":{"start":{"line":34,"column":7},"end":{"line":66,"column":1}},"loc":{"start":{"line":34,"column":7},"end":{"line":66,"column":1}},"line":34},"2":{"name":"toSourceCandidateTypes","decl":{"start":{"line":38,"column":2},"end":{"line":58,"column":3}},"loc":{"start":{"line":38,"column":2},"end":{"line":58,"column":3}},"line":38},"3":{"name":"chooseClusterNames","decl":{"start":{"line":68,"column":0},"end":{"line":70,"column":1}},"loc":{"start":{"line":68,"column":0},"end":{"line":70,"column":1}},"line":68},"4":{"name":"chooseClusterFiles","decl":{"start":{"line":72,"column":0},"end":{"line":74,"column":1}},"loc":{"start":{"line":72,"column":0},"end":{"line":74,"column":1}},"line":72},"5":{"name":"propertyToOutput","decl":{"start":{"line":76,"column":0},"end":{"line":81,"column":1}},"loc":{"start":{"line":76,"column":0},"end":{"line":81,"column":1}},"line":76},"6":{"name":"chooseTypeFeatures","decl":{"start":{"line":83,"column":0},"end":{"line":115,"column":1}},"loc":{"start":{"line":83,"column":0},"end":{"line":115,"column":1}},"line":83},"7":{"name":"similarityToDuplicateGroup","decl":{"start":{"line":117,"column":0},"end":{"line":126,"column":1}},"loc":{"start":{"line":117,"column":0},"end":{"line":126,"column":1}},"line":117},"8":{"name":"clustersToDuplicates","decl":{"start":{"line":128,"column":7},"end":{"line":142,"column":1}},"loc":{"start":{"line":128,"column":7},"end":{"line":142,"column":1}},"line":128}},"f":{"0":32,"1":23,"2":23,"3":10,"4":10,"5":15,"6":10,"7":10,"8":7}}
,"/home/runner/work/ts-retype/ts-retype/retype/src/cmd.ts": {"path":"/home/runner/work/ts-retype/ts-retype/retype/src/cmd.ts","all":false,"statementMap":{"0":{"start":{"line":1,"column":0},"end":{"line":1,"column":20}},"1":{"start":{"line":2,"column":0},"end":{"line":2,"column":24}},"2":{"start":{"line":3,"column":0},"end":{"line":3,"column":46}},"3":{"start":{"line":4,"column":0},"end":{"line":4,"column":0}},"4":{"start":{"line":5,"column":0},"end":{"line":5,"column":48}},"5":{"start":{"line":6,"column":0},"end":{"line":6,"column":40}},"6":{"start":{"line":7,"column":0},"end":{"line":7,"column":14}},"7":{"start":{"line":8,"column":0},"end":{"line":8,"column":15}},"8":{"start":{"line":9,"column":0},"end":{"line":9,"column":20}},"9":{"start":{"line":10,"column":0},"end":{"line":10,"column":20}},"10":{"start":{"line":11,"column":0},"end":{"line":11,"column":3}},"11":{"start":{"line":12,"column":0},"end":{"line":12,"column":79}},"12":{"start":{"line":13,"column":0},"end":{"line":13,"column":10}},"13":{"start":{"line":14,"column":0},"end":{"line":14,"column":16}},"14":{"start":{"line":15,"column":0},"end":{"line":15,"column":35}},"15":{"start":{"line":16,"column":0},"end":{"line":16,"column":4}},"16":{"start":{"line":17,"column":0},"end":{"line":17,"column":1}},"17":{"start":{"line":18,"column":0},"end":{"line":18,"column":0}},"18":{"start":{"line":19,"column":0},"end":{"line":19,"column":49}},"19":{"start":{"line":20,"column":0},"end":{"line":20,"column":22}},"20":{"start":{"line":21,"column":0},"end":{"line":21,"column":14}},"21":{"start":{"line":22,"column":0},"end":{"line":22,"column":24}},"22":{"start":{"line":23,"column":0},"end":{"line":23,"column":6}},"23":{"start":{"line":24,"column":0},"end":{"line":24,"column":36}},"24":{"start":{"line":25,"column":0},"end":{"line":25,"column":28}},"25":{"start":{"line":26,"column":0},"end":{"line":26,"column":91}},"26":{"start":{"line":27,"column":0},"end":{"line":27,"column":40}},"27":{"start":{"line":28,"column":0},"end":{"line":28,"column":43}},"28":{"start":{"line":29,"column":0},"end":{"line":29,"column":40}},"29":{"start":{"line":30,"column":0},"end":{"line":30,"column":5}},"30":{"start":{"line":31,"column":0},"end":{"line":31,"column":49}},"31":{"start":{"line":32,"column":0},"end":{"line":32,"column":3}},"32":{"start":{"line":33,"column":0},"end":{"line":33,"column":10}},"33":{"start":{"line":34,"column":0},"end":{"line":34,"column":16}},"34":{"start":{"line":35,"column":0},"end":{"line":35,"column":14}},"35":{"start":{"line":36,"column":0},"end":{"line":36,"column":28}},"36":{"start":{"line":37,"column":0},"end":{"line":37,"column":4}},"37":{"start":{"line":38,"column":0},"end":{"line":38,"column":1}},"38":{"start":{"line":39,"column":0},"end":{"line":39,"column":0}},"39":{"start":{"line":40,"column":0},"end":{"line":40,"column":69}},"40":{"start":{"line":41,"column":0},"end":{"line":41,"column":30}},"41":{"start":{"line":42,"column":0},"end":{"line":42,"column":20}},"42":{"start":{"line":43,"column":0},"end":{"line":43,"column":37}},"43":{"start":{"line":44,"column":0},"end":{"line":44,"column":42}},"44":{"start":{"line":45,"column":0},"end":{"line":45,"column":19}},"45":{"start":{"line":46,"column":0},"end":{"line":46,"column":5}},"46":{"start":{"line":47,"column":0},"end":{"line":47,"column":10}},"47":{"start":{"line":48,"column":0},"end":{"line":48,"column":51}},"48":{"start":{"line":49,"column":0},"end":{"line":49,"column":19}},"49":{"start":{"line":50,"column":0},"end":{"line":50,"column":5}},"50":{"start":{"line":51,"column":0},"end":{"line":51,"column":3}},"51":{"start":{"line":52,"column":0},"end":{"line":52,"column":14}},"52":{"start":{"line":53,"column":0},"end":{"line":53,"column":53}},"53":{"start":{"line":54,"column":0},"end":{"line":54,"column":39}},"54":{"start":{"line":55,"column":0},"end":{"line":55,"column":54}},"55":{"start":{"line":56,"column":0},"end":{"line":56,"column":5}},"56":{"start":{"line":57,"column":0},"end":{"line":57,"column":10}},"57":{"start":{"line":58,"column":0},"end":{"line":58,"column":28}},"58":{"start":{"line":59,"column":0},"end":{"line":59,"column":45}},"59":{"start":{"line":60,"column":0},"end":{"line":60,"column":36}},"60":{"start":{"line":61,"column":0},"end":{"line":61,"column":51}},"61":{"start":{"line":62,"column":0},"end":{"line":62,"column":5}},"62":{"start":{"line":63,"column":0},"end":{"line":63,"column":3}},"63":{"start":{"line":64,"column":0},"end":{"line":64,"column":18}},"64":{"start":{"line":65,"column":0},"end":{"line":65,"column":1}}},"s":{"0":1,"1":1,"2":1,"3":1,"4":1,"5":0,"6":0,"7":0,"8":0,"9":0,"10":0,"11":0,"12":0,"13":0,"14":0,"15":0,"16":0,"17":1,"18":1,"19":0,"20":0,"21":0,"22":0,"23":0,"24":0,"25":0,"26":0,"27":0,"28":0,"29":0,"30":0,"31":0,"32":0,"33":0,"34":0,"35":0,"36":0,"37":0,"38":1,"39":1,"40":1,"41":1,"42":1,"43":0,"44":0,"45":0,"46":1,"47":1,"48":1,"49":1,"50":1,"51":1,"52":1,"53":1,"54":0,"55":0,"56":1,"57":0,"58":0,"59":0,"60":0,"61":0,"62":0,"63":1,"64":1},"branchMap":{"0":{"type":"branch","line":40,"loc":{"start":{"line":40,"column":7},"end":{"line":65,"column":1}},"locations":[{"start":{"line":40,"column":7},"end":{"line":65,"column":1}}]},"1":{"type":"branch","line":43,"loc":{"start":{"line":43,"column":36},"end":{"line":47,"column":9}},"locations":[{"start":{"line":43,"column":36},"end":{"line":47,"column":9}}]},"2":{"type":"branch","line":54,"loc":{"start":{"line":54,"column":38},"end":{"line":56,"column":5}},"locations":[{"start":{"line":54,"column":38},"end":{"line":56,"column":5}}]},"3":{"type":"branch","line":57,"loc":{"start":{"line":57,"column":2},"end":{"line":63,"column":3}},"locations":[{"start":{"line":57,"column":2},"end":{"line":63,"column":3}}]}},"b":{"0":[1],"1":[0],"2":[0],"3":[0]},"fnMap":{"0":{"name":"resolveConfig","decl":{"start":{"line":5,"column":7},"end":{"line":17,"column":1}},"loc":{"start":{"line":5,"column":7},"end":{"line":17,"column":1}},"line":5},"1":{"name":"resolveOptions","decl":{"start":{"line":19,"column":7},"end":{"line":38,"column":1}},"loc":{"start":{"line":19,"column":7},"end":{"line":38,"column":1}},"line":19},"2":{"name":"resolveOutputFilePath","decl":{"start":{"line":40,"column":7},"end":{"line":65,"column":1}},"loc":{"start":{"line":40,"column":7},"end":{"line":65,"column":1}},"line":40}},"f":{"0":0,"1":0,"2":1}}
,"/home/runner/work/ts-retype/ts-retype/retype/src/compress.ts": {"path":"/home/runner/work/ts-retype/ts-retype/retype/src/compress.ts","all":false,"statementMap":{"0":{"start":{"line":1,"column":0},"end":{"line":1,"column":44}},"1":{"start":{"line":2,"column":0},"end":{"line":2,"column":49}},"2":{"start":{"line":3,"column":0},"end":{"line":3,"column":0}},"3":{"start":{"line":4,"column":0},"end":{"line":4,"column":65}},"4":{"start":{"line":5,"column":0},"end":{"line":5,"column":27}},"5":{"start":{"line":6,"column":0},"end":{"line":6,"column":10}},"6":{"start":{"line":7,"column":0},"end":{"line":7,"column":36}},"7":{"start":{"line":8,"column":0},"end":{"line":8,"column":14}},"8":{"start":{"line":9,"column":0},"end":{"line":9,"column":14}},"9":{"start":{"line":10,"column":0},"end":{"line":10,"column":66}},"10":{"start":{"line":11,"column":0},"end":{"line":11,"column":8}},"11":{"start":{"line":12,"column":0},"end":{"line":12,"column":6}},"12":{"start":{"line":13,"column":0},"end":{"line":13,"column":1}}},"s":{"0":1,"1":1,"2":1,"3":1,"4":2,"5":2,"6":2,"7":4,"8":4,"9":4,"10":2,"11":2,"12":2},"branchMap":{"0":{"type":"branch","line":4,"loc":{"start":{"line":4,"column":7},"end":{"line":13,"column":1}},"locations":[{"start":{"line":4,"column":7},"end":{"line":13,"column":1}}]},"1":{"type":"branch","line":5,"loc":{"start":{"line":5,"column":17},"end":{"line":12,"column":4}},"locations":[{"start":{"line":5,"column":17},"end":{"line":12,"column":4}}]},"2":{"type":"branch","line":7,"loc":{"start":{"line":7,"column":24},"end":{"line":11,"column":6}},"locations":[{"start":{"line":7,"column":24},"end":{"line":11,"column":6}}]},"3":{"type":"branch","line":10,"loc":{"start":{"line":10,"column":52},"end":{"line":10,"column":66}},"locations":[{"start":{"line":10,"column":52},"end":{"line":10,"column":66}}]}},"b":{"0":[2],"1":[2],"2":[4],"3":[0]},"fnMap":{"0":{"name":"compress","decl":{"start":{"line":4,"column":7},"end":{"line":13,"column":1}},"loc":{"start":{"line":4,"column":7},"end":{"line":13,"column":1}},"line":4}},"f":{"0":2}}
,"/home/runner/work/ts-retype/ts-retype/retype/src/config.ts": {"path":"/home/runner/work/ts-retype/ts-retype/retype/src/config.ts","all":false,"statementMap":{"0":{"start":{"line":1,"column":0},"end":{"line":1,"column":46}},"1":{"start":{"line":2,"column":0},"end":{"line":2,"column":28}},"2":{"start":{"line":3,"column":0},"end":{"line":3,"column":29}},"3":{"start":{"line":4,"column":0},"end":{"line":4,"column":90}},"4":{"start":{"line":5,"column":0},"end":{"line":5,"column":0}},"5":{"start":{"line":6,"column":0},"end":{"line":6,"column":51}},"6":{"start":{"line":7,"column":0},"end":{"line":7,"column":0}},"7":{"start":{"line":8,"column":0},"end":{"line":8,"column":32}},"8":{"start":{"line":9,"column":0},"end":{"line":9,"column":64}},"9":{"start":{"line":10,"column":0},"end":{"line":10,"column":61}},"10":{"start":{"line":11,"column":0},"end":{"line":11,"column":61}},"11":{"start":{"line":12,"column":0},"end":{"line":12,"column":1}},"12":{"start":{"line":13,"column":0},"end":{"line":13,"column":0}},"13":{"start":{"line":14,"column":0},"end":{"line":14,"column":44}},"14":{"start":{"line":15,"column":0},"end":{"line":15,"column":15}},"15":{"start":{"line":16,"column":0},"end":{"line":16,"column":17}},"16":{"start":{"line":17,"column":0},"end":{"line":17,"column":16}},"17":{"start":{"line":18,"column":0},"end":{"line":18,"column":2}},"18":{"start":{"line":19,"column":0},"end":{"line":19,"column":0}},"19":{"start":{"line":20,"column":0},"end":{"line":20,"column":72}},"20":{"start":{"line":21,"column":0},"end":{"line":21,"column":25}},"21":{"start":{"line":22,"column":0},"end":{"line":22,"column":92}},"22":{"start":{"line":23,"column":0},"end":{"line":23,"column":26}},"23":{"start":{"line":24,"column":0},"end":{"line":24,"column":3}},"24":{"start":{"line":25,"column":0},"end":{"line":25,"column":14}},"25":{"start":{"line":26,"column":0},"end":{"line":26,"column":1}},"26":{"start":{"line":27,"column":0},"end":{"line":27,"column":0}},"27":{"start":{"line":28,"column":0},"end":{"line":28,"column":76}},"28":{"start":{"line":29,"column":0},"end":{"line":29,"column":26}},"29":{"start":{"line":30,"column":0},"end":{"line":30,"column":1}},"30":{"start":{"line":31,"column":0},"end":{"line":31,"column":0}},"31":{"start":{"line":32,"column":0},"end":{"line":32,"column":79}},"32":{"start":{"line":33,"column":0},"end":{"line":33,"column":77}},"33":{"start":{"line":34,"column":0},"end":{"line":34,"column":45}},"34":{"start":{"line":35,"column":0},"end":{"line":35,"column":53}},"35":{"start":{"line":36,"column":0},"end":{"line":36,"column":11}},"36":{"start":{"line":37,"column":0},"end":{"line":37,"column":0}},"37":{"start":{"line":38,"column":0},"end":{"line":38,"column":86}},"38":{"start":{"line":39,"column":0},"end":{"line":39,"column":0}},"39":{"start":{"line":40,"column":0},"end":{"line":40,"column":10}},"40":{"start":{"line":41,"column":0},"end":{"line":41,"column":22}},"41":{"start":{"line":42,"column":0},"end":{"line":42,"column":14}},"42":{"start":{"line":43,"column":0},"end":{"line":43,"column":34}},"43":{"start":{"line":44,"column":0},"end":{"line":44,"column":4}},"44":{"start":{"line":45,"column":0},"end":{"line":45,"column":1}},"45":{"start":{"line":46,"column":0},"end":{"line":46,"column":0}},"46":{"start":{"line":47,"column":0},"end":{"line":47,"column":76}},"47":{"start":{"line":48,"column":0},"end":{"line":48,"column":10}},"48":{"start":{"line":49,"column":0},"end":{"line":49,"column":22}},"49":{"start":{"line":50,"column":0},"end":{"line":50,"column":17}},"50":{"start":{"line":51,"column":0},"end":{"line":51,"column":4}},"51":{"start":{"line":52,"column":0},"end":{"line":52,"column":1}}},"s":{"0":1,"1":1,"2":1,"3":1,"4":1,"5":1,"6":1,"7":1,"8":1,"9":1,"10":1,"11":1,"12":1,"13":1,"14":1,"15":1,"16":1,"17":1,"18":1,"19":1,"20":6,"21":5,"22":5,"23":5,"24":1,"25":1,"26":1,"27":1,"28":1,"29":1,"30":1,"31":1,"32":7,"33":7,"34":1,"35":6,"36":7,"37":7,"38":7,"39":7,"40":7,"41":7,"42":7,"43":7,"44":7,"45":1,"46":1,"47":3,"48":3,"49":3,"50":3,"51":3},"branchMap":{"0":{"type":"branch","line":20,"loc":{"start":{"line":20,"column":7},"end":{"line":26,"column":1}},"locations":[{"start":{"line":20,"column":7},"end":{"line":26,"column":1}}]},"1":{"type":"branch","line":21,"loc":{"start":{"line":21,"column":24},"end":{"line":24,"column":3}},"locations":[{"start":{"line":21,"column":24},"end":{"line":24,"column":3}}]},"2":{"type":"branch","line":24,"loc":{"start":{"line":24,"column":2},"end":{"line":26,"column":1}},"locations":[{"start":{"line":24,"column":2},"end":{"line":26,"column":1}}]},"3":{"type":"branch","line":28,"loc":{"start":{"line":28,"column":7},"end":{"line":30,"column":1}},"locations":[{"start":{"line":28,"column":7},"end":{"line":30,"column":1}}]},"4":{"type":"branch","line":32,"loc":{"start":{"line":32,"column":7},"end":{"line":45,"column":1}},"locations":[{"start":{"line":32,"column":7},"end":{"line":45,"column":1}}]},"5":{"type":"branch","line":33,"loc":{"start":{"line":33,"column":33},"end":{"line":33,"column":72}},"locations":[{"start":{"line":33,"column":33},"end":{"line":33,"column":72}}]},"6":{"type":"branch","line":33,"loc":{"start":{"line":33,"column":68},"end":{"line":33,"column":77}},"locations":[{"start":{"line":33,"column":68},"end":{"line":33,"column":77}}]},"7":{"type":"branch","line":34,"loc":{"start":{"line":34,"column":38},"end":{"line":35,"column":53}},"locations":[{"start":{"line":34,"column":38},"end":{"line":35,"column":53}}]},"8":{"type":"branch","line":35,"loc":{"start":{"line":35,"column":52},"end":{"line":36,"column":11}},"locations":[{"start":{"line":35,"column":52},"end":{"line":36,"column":11}}]},"9":{"type":"branch","line":38,"loc":{"start":{"line":38,"column":17},"end":{"line":38,"column":57}},"locations":[{"start":{"line":38,"column":17},"end":{"line":38,"column":57}}]},"10":{"type":"branch","line":38,"loc":{"start":{"line":38,"column":34},"end":{"line":38,"column":86}},"locations":[{"start":{"line":38,"column":34},"end":{"line":38,"column":86}}]},"11":{"type":"branch","line":47,"loc":{"start":{"line":47,"column":7},"end":{"line":52,"column":1}},"locations":[{"start":{"line":47,"column":7},"end":{"line":52,"column":1}}]}},"b":{"0":[6],"1":[5],"2":[1],"3":[1],"4":[7],"5":[4],"6":[3],"7":[1],"8":[6],"9":[3],"10":[3],"11":[3]},"fnMap":{"0":{"name":"loadConfig","decl":{"start":{"line":20,"column":7},"end":{"line":26,"column":1}},"loc":{"start":{"line":20,"column":7},"end":{"line":26,"column":1}},"line":20},"1":{"name":"fromConfigFile","decl":{"start":{"line":28,"column":7},"end":{"line":30,"column":1}},"loc":{"start":{"line":28,"column":7},"end":{"line":30,"column":1}},"line":28},"2":{"name":"fromCmdProps","decl":{"start":{"line":32,"column":7},"end":{"line":45,"column":1}},"loc":{"start":{"line":32,"column":7},"end":{"line":45,"column":1}},"line":32},"3":{"name":"fromScanProps","decl":{"start":{"line":47,"column":7},"end":{"line":52,"column":1}},"loc":{"start":{"line":47,"column":7},"end":{"line":52,"column":1}},"line":47}},"f":{"0":6,"1":1,"2":7,"3":3}}
,"/home/runner/work/ts-retype/ts-retype/retype/src/highlight.ts": {"path":"/home/runner/work/ts-retype/ts-retype/retype/src/highlight.ts","all":false,"statementMap":{"0":{"start":{"line":1,"column":0},"end":{"line":1,"column":65}},"1":{"start":{"line":2,"column":0},"end":{"line":2,"column":50}},"2":{"start":{"line":3,"column":0},"end":{"line":3,"column":42}},"3":{"start":{"line":4,"column":0},"end":{"line":4,"column":45}},"4":{"start":{"line":5,"column":0},"end":{"line":5,"column":74}},"5":{"start":{"line":6,"column":0},"end":{"line":6,"column":0}},"6":{"start":{"line":7,"column":0},"end":{"line":7,"column":79}},"7":{"start":{"line":8,"column":0},"end":{"line":8,"column":36}},"8":{"start":{"line":9,"column":0},"end":{"line":9,"column":31}},"9":{"start":{"line":10,"column":0},"end":{"line":10,"column":3}},"10":{"start":{"line":11,"column":0},"end":{"line":11,"column":38}},"11":{"start":{"line":12,"column":0},"end":{"line":12,"column":29}},"12":{"start":{"line":13,"column":0},"end":{"line":13,"column":3}},"13":{"start":{"line":14,"column":0},"end":{"line":14,"column":48}},"14":{"start":{"line":15,"column":0},"end":{"line":15,"column":1}},"15":{"start":{"line":16,"column":0},"end":{"line":16,"column":0}},"16":{"start":{"line":17,"column":0},"end":{"line":17,"column":66}},"17":{"start":{"line":18,"column":0},"end":{"line":18,"column":54}},"18":{"start":{"line":19,"column":0},"end":{"line":19,"column":58}},"19":{"start":{"line":20,"column":0},"end":{"line":20,"column":63}},"20":{"start":{"line":21,"column":0},"end":{"line":21,"column":1}}},"s":{"0":1,"1":1,"2":1,"3":1,"4":1,"5":1,"6":1,"7":34,"8":6,"9":6,"10":34,"11":6,"12":6,"13":34,"14":34,"15":1,"16":1,"17":34,"18":34,"19":34,"20":34},"branchMap":{"0":{"type":"branch","line":7,"loc":{"start":{"line":7,"column":7},"end":{"line":15,"column":1}},"locations":[{"start":{"line":7,"column":7},"end":{"line":15,"column":1}}]},"1":{"type":"branch","line":8,"loc":{"start":{"line":8,"column":35},"end":{"line":10,"column":3}},"locations":[{"start":{"line":8,"column":35},"end":{"line":10,"column":3}}]},"2":{"type":"branch","line":11,"loc":{"start":{"line":11,"column":37},"end":{"line":13,"column":3}},"locations":[{"start":{"line":11,"column":37},"end":{"line":13,"column":3}}]},"3":{"type":"branch","line":17,"loc":{"start":{"line":17,"column":7},"end":{"line":21,"column":1}},"locations":[{"start":{"line":17,"column":7},"end":{"line":21,"column":1}}]}},"b":{"0":[34],"1":[6],"2":[6],"3":[34]},"fnMap":{"0":{"name":"refractorHighlight","decl":{"start":{"line":7,"column":7},"end":{"line":15,"column":1}},"loc":{"start":{"line":7,"column":7},"end":{"line":15,"column":1}},"line":7},"1":{"name":"highlight","decl":{"start":{"line":17,"column":7},"end":{"line":21,"column":1}},"loc":{"start":{"line":17,"column":7},"end":{"line":21,"column":1}},"line":17}},"f":{"0":34,"1":34}}
,"/home/runner/work/ts-retype/ts-retype/retype/src/index.ts": {"path":"/home/runner/work/ts-retype/ts-retype/retype/src/index.ts","all":false,"statementMap":{"0":{"start":{"line":1,"column":0},"end":{"line":1,"column":33}},"1":{"start":{"line":2,"column":0},"end":{"line":2,"column":37}},"2":{"start":{"line":3,"column":0},"end":{"line":3,"column":13}},"3":{"start":{"line":4,"column":0},"end":{"line":4,"column":15}},"4":{"start":{"line":5,"column":0},"end":{"line":5,"column":11}},"5":{"start":{"line":6,"column":0},"end":{"line":6,"column":10}},"6":{"start":{"line":7,"column":0},"end":{"line":7,"column":8}},"7":{"start":{"line":8,"column":0},"end":{"line":8,"column":15}},"8":{"start":{"line":9,"column":0},"end":{"line":9,"column":12}},"9":{"start":{"line":10,"column":0},"end":{"line":10,"column":12}},"10":{"start":{"line":11,"column":0},"end":{"line":11,"column":16}},"11":{"start":{"line":12,"column":0},"end":{"line":12,"column":26}},"12":{"start":{"line":13,"column":0},"end":{"line":13,"column":57}}},"s":{"0":1,"1":1,"2":1,"3":1,"4":1,"5":1,"6":1,"7":1,"8":1,"9":1,"10":1,"11":1,"12":1},"branchMap":{},"b":{},"fnMap":{},"f":{}}
,"/home/runner/work/ts-retype/ts-retype/retype/src/log.ts": {"path":"/home/runner/work/ts-retype/ts-retype/retype/src/log.ts","all":false,"statementMap":{"0":{"start":{"line":1,"column":0},"end":{"line":1,"column":20}},"1":{"start":{"line":2,"column":0},"end":{"line":2,"column":32}},"2":{"start":{"line":3,"column":0},"end":{"line":3,"column":33}},"3":{"start":{"line":4,"column":0},"end":{"line":4,"column":0}},"4":{"start":{"line":5,"column":0},"end":{"line":5,"column":28}},"5":{"start":{"line":6,"column":0},"end":{"line":6,"column":41}},"6":{"start":{"line":7,"column":0},"end":{"line":7,"column":41}},"7":{"start":{"line":8,"column":0},"end":{"line":8,"column":32}},"8":{"start":{"line":9,"column":0},"end":{"line":9,"column":20}},"9":{"start":{"line":10,"column":0},"end":{"line":10,"column":3}},"10":{"start":{"line":11,"column":0},"end":{"line":11,"column":31}},"11":{"start":{"line":12,"column":0},"end":{"line":12,"column":19}},"12":{"start":{"line":13,"column":0},"end":{"line":13,"column":3}},"13":{"start":{"line":14,"column":0},"end":{"line":14,"column":1}},"14":{"start":{"line":15,"column":0},"end":{"line":15,"column":0}},"15":{"start":{"line":16,"column":0},"end":{"line":16,"column":65}},"16":{"start":{"line":17,"column":0},"end":{"line":17,"column":70}},"17":{"start":{"line":18,"column":0},"end":{"line":18,"column":83}},"18":{"start":{"line":19,"column":0},"end":{"line":19,"column":43}},"19":{"start":{"line":20,"column":0},"end":{"line":20,"column":65}},"20":{"start":{"line":21,"column":0},"end":{"line":21,"column":0}},"21":{"start":{"line":22,"column":0},"end":{"line":22,"column":67}},"22":{"start":{"line":23,"column":0},"end":{"line":23,"column":19}},"23":{"start":{"line":24,"column":0},"end":{"line":24,"column":10}},"24":{"start":{"line":25,"column":0},"end":{"line":25,"column":14}},"25":{"start":{"line":26,"column":0},"end":{"line":26,"column":40}},"26":{"start":{"line":27,"column":0},"end":{"line":27,"column":21}},"27":{"start":{"line":28,"column":0},"end":{"line":28,"column":32}},"28":{"start":{"line":29,"column":0},"end":{"line":29,"column":56}},"29":{"start":{"line":30,"column":0},"end":{"line":30,"column":15}},"30":{"start":{"line":31,"column":0},"end":{"line":31,"column":7}},"31":{"start":{"line":32,"column":0},"end":{"line":32,"column":0}},"32":{"start":{"line":33,"column":0},"end":{"line":33,"column":66}},"33":{"start":{"line":34,"column":0},"end":{"line":34,"column":30}},"34":{"start":{"line":35,"column":0},"end":{"line":35,"column":39}},"35":{"start":{"line":36,"column":0},"end":{"line":36,"column":48}},"36":{"start":{"line":37,"column":0},"end":{"line":37,"column":30}},"37":{"start":{"line":38,"column":0},"end":{"line":38,"column":14}},"38":{"start":{"line":39,"column":0},"end":{"line":39,"column":36}},"39":{"start":{"line":40,"column":0},"end":{"line":40,"column":64}},"40":{"start":{"line":41,"column":0},"end":{"line":41,"column":14}},"41":{"start":{"line":42,"column":0},"end":{"line":42,"column":6}},"42":{"start":{"line":43,"column":0},"end":{"line":43,"column":28}},"43":{"start":{"line":44,"column":0},"end":{"line":44,"column":20}},"44":{"start":{"line":45,"column":0},"end":{"line":45,"column":6}},"45":{"start":{"line":46,"column":0},"end":{"line":46,"column":25}},"46":{"start":{"line":47,"column":0},"end":{"line":47,"column":25}},"47":{"start":{"line":48,"column":0},"end":{"line":48,"column":6}},"48":{"start":{"line":49,"column":0},"end":{"line":49,"column":40}},"49":{"start":{"line":50,"column":0},"end":{"line":50,"column":44}},"50":{"start":{"line":51,"column":0},"end":{"line":51,"column":43}},"51":{"start":{"line":52,"column":0},"end":{"line":52,"column":32}},"52":{"start":{"line":53,"column":0},"end":{"line":53,"column":20}},"53":{"start":{"line":54,"column":0},"end":{"line":54,"column":35}},"54":{"start":{"line":55,"column":0},"end":{"line":55,"column":7}},"55":{"start":{"line":56,"column":0},"end":{"line":56,"column":6}},"56":{"start":{"line":57,"column":0},"end":{"line":57,"column":4}},"57":{"start":{"line":58,"column":0},"end":{"line":58,"column":1}}},"s":{"0":1,"1":1,"2":1,"3":1,"4":0,"5":0,"6":0,"7":0,"8":0,"9":0,"10":0,"11":0,"12":0,"13":0,"14":1,"15":1,"16":1,"17":1,"18":1,"19":0,"20":1,"21":1,"22":3,"23":3,"24":3,"25":0,"26":0,"27":0,"28":0,"29":0,"30":0,"31":0,"32":0,"33":0,"34":0,"35":0,"36":0,"37":0,"38":0,"39":0,"40":0,"41":0,"42":3,"43":45,"44":45,"45":3,"46":1,"47":1,"48":3,"49":15,"50":15,"51":15,"52":15,"53":3,"54":3,"55":15,"56":3,"57":3},"branchMap":{"0":{"type":"branch","line":22,"loc":{"start":{"line":22,"column":7},"end":{"line":58,"column":1}},"locations":[{"start":{"line":22,"column":7},"end":{"line":58,"column":1}}]},"1":{"type":"branch","line":43,"loc":{"start":{"line":43,"column":4},"end":{"line":45,"column":6}},"locations":[{"start":{"line":43,"column":4},"end":{"line":45,"column":6}}]},"2":{"type":"branch","line":46,"loc":{"start":{"line":46,"column":4},"end":{"line":48,"column":6}},"locations":[{"start":{"line":46,"column":4},"end":{"line":48,"column":6}}]},"3":{"type":"branch","line":49,"loc":{"start":{"line":49,"column":4},"end":{"line":56,"column":6}},"locations":[{"start":{"line":49,"column":4},"end":{"line":56,"column":6}}]},"4":{"type":"branch","line":53,"loc":{"start":{"line":53,"column":19},"end":{"line":55,"column":7}},"locations":[{"start":{"line":53,"column":19},"end":{"line":55,"column":7}}]}},"b":{"0":[3],"1":[45],"2":[1],"3":[15],"4":[3]},"fnMap":{"0":{"name":"findPackageJSON","decl":{"start":{"line":5,"column":0},"end":{"line":14,"column":1}},"loc":{"start":{"line":5,"column":0},"end":{"line":14,"column":1}},"line":5},"1":{"name":"fill","decl":{"start":{"line":16,"column":13},"end":{"line":16,"column":65}},"loc":{"start":{"line":16,"column":13},"end":{"line":16,"column":65}},"line":16},"2":{"name":"pad","decl":{"start":{"line":17,"column":12},"end":{"line":17,"column":70}},"loc":{"start":{"line":17,"column":12},"end":{"line":17,"column":70}},"line":17},"3":{"name":"center","decl":{"start":{"line":18,"column":15},"end":{"line":18,"column":83}},"loc":{"start":{"line":18,"column":15},"end":{"line":18,"column":83}},"line":18},"4":{"name":"row","decl":{"start":{"line":19,"column":12},"end":{"line":20,"column":65}},"loc":{"start":{"line":19,"column":12},"end":{"line":20,"column":65}},"line":19},"5":{"name":"createLogger","decl":{"start":{"line":22,"column":7},"end":{"line":58,"column":1}},"loc":{"start":{"line":22,"column":7},"end":{"line":58,"column":1}},"line":22},"6":{"name":"header","decl":{"start":{"line":25,"column":4},"end":{"line":42,"column":6}},"loc":{"start":{"line":25,"column":4},"end":{"line":42,"column":6}},"line":25},"7":{"name":"log","decl":{"start":{"line":43,"column":4},"end":{"line":45,"column":6}},"loc":{"start":{"line":43,"column":4},"end":{"line":45,"column":6}},"line":43},"8":{"name":"table","decl":{"start":{"line":46,"column":4},"end":{"line":48,"column":6}},"loc":{"start":{"line":46,"column":4},"end":{"line":48,"column":6}},"line":46},"9":{"name":"live","decl":{"start":{"line":49,"column":4},"end":{"line":56,"column":6}},"loc":{"start":{"line":49,"column":4},"end":{"line":56,"column":6}},"line":49}},"f":{"0":0,"1":0,"2":0,"3":0,"4":0,"5":3,"6":0,"7":45,"8":1,"9":15}}
,"/home/runner/work/ts-retype/ts-retype/retype/src/parse.ts": {"path":"/home/runner/work/ts-retype/ts-retype/retype/src/parse.ts","all":false,"statementMap":{"0":{"start":{"line":1,"column":0},"end":{"line":1,"column":49}},"1":{"start":{"line":2,"column":0},"end":{"line":2,"column":71}},"2":{"start":{"line":3,"column":0},"end":{"line":3,"column":69}},"3":{"start":{"line":4,"column":0},"end":{"line":4,"column":49}},"4":{"start":{"line":5,"column":0},"end":{"line":5,"column":8}},"5":{"start":{"line":6,"column":0},"end":{"line":6,"column":16}},"6":{"start":{"line":7,"column":0},"end":{"line":7,"column":20}},"7":{"start":{"line":8,"column":0},"end":{"line":8,"column":24}},"8":{"start":{"line":9,"column":0},"end":{"line":9,"column":17}},"9":{"start":{"line":10,"column":0},"end":{"line":10,"column":23}},"10":{"start":{"line":11,"column":0},"end":{"line":11,"column":11}},"11":{"start":{"line":12,"column":0},"end":{"line":12,"column":21}},"12":{"start":{"line":13,"column":0},"end":{"line":13,"column":30}},"13":{"start":{"line":14,"column":0},"end":{"line":14,"column":0}},"14":{"start":{"line":15,"column":0},"end":{"line":15,"column":49}},"15":{"start":{"line":16,"column":0},"end":{"line":16,"column":0}},"16":{"start":{"line":17,"column":0},"end":{"line":17,"column":86}},"17":{"start":{"line":18,"column":0},"end":{"line":18,"column":0}},"18":{"start":{"line":19,"column":0},"end":{"line":19,"column":74}},"19":{"start":{"line":20,"column":0},"end":{"line":20,"column":93}},"20":{"start":{"line":21,"column":0},"end":{"line":21,"column":54}},"21":{"start":{"line":22,"column":0},"end":{"line":22,"column":68}},"22":{"start":{"line":23,"column":0},"end":{"line":23,"column":38}},"23":{"start":{"line":24,"column":0},"end":{"line":24,"column":60}},"24":{"start":{"line":25,"column":0},"end":{"line":25,"column":62}},"25":{"start":{"line":26,"column":0},"end":{"line":26,"column":4}},"26":{"start":{"line":27,"column":0},"end":{"line":27,"column":10}},"27":{"start":{"line":28,"column":0},"end":{"line":28,"column":8}},"28":{"start":{"line":29,"column":0},"end":{"line":29,"column":8}},"29":{"start":{"line":30,"column":0},"end":{"line":30,"column":11}},"30":{"start":{"line":31,"column":0},"end":{"line":31,"column":10}},"31":{"start":{"line":32,"column":0},"end":{"line":32,"column":4}},"32":{"start":{"line":33,"column":0},"end":{"line":33,"column":1}},"33":{"start":{"line":34,"column":0},"end":{"line":34,"column":0}},"34":{"start":{"line":35,"column":0},"end":{"line":35,"column":83}},"35":{"start":{"line":36,"column":0},"end":{"line":36,"column":22}},"36":{"start":{"line":37,"column":0},"end":{"line":37,"column":41}},"37":{"start":{"line":38,"column":0},"end":{"line":38,"column":14}},"38":{"start":{"line":39,"column":0},"end":{"line":39,"column":36}},"39":{"start":{"line":40,"column":0},"end":{"line":40,"column":53}},"40":{"start":{"line":41,"column":0},"end":{"line":41,"column":8}},"41":{"start":{"line":42,"column":0},"end":{"line":42,"column":38}},"42":{"start":{"line":43,"column":0},"end":{"line":43,"column":14}},"43":{"start":{"line":44,"column":0},"end":{"line":44,"column":89}},"44":{"start":{"line":45,"column":0},"end":{"line":45,"column":53}},"45":{"start":{"line":46,"column":0},"end":{"line":46,"column":8}},"46":{"start":{"line":47,"column":0},"end":{"line":47,"column":3}},"47":{"start":{"line":48,"column":0},"end":{"line":48,"column":14}},"48":{"start":{"line":49,"column":0},"end":{"line":49,"column":1}},"49":{"start":{"line":50,"column":0},"end":{"line":50,"column":0}},"50":{"start":{"line":51,"column":0},"end":{"line":51,"column":24}},"51":{"start":{"line":52,"column":0},"end":{"line":52,"column":15}},"52":{"start":{"line":53,"column":0},"end":{"line":53,"column":37}},"53":{"start":{"line":54,"column":0},"end":{"line":54,"column":25}},"54":{"start":{"line":55,"column":0},"end":{"line":55,"column":27}},"55":{"start":{"line":56,"column":0},"end":{"line":56,"column":25}},"56":{"start":{"line":57,"column":0},"end":{"line":57,"column":39}},"57":{"start":{"line":58,"column":0},"end":{"line":58,"column":21}},"58":{"start":{"line":59,"column":0},"end":{"line":59,"column":61}},"59":{"start":{"line":60,"column":0},"end":{"line":60,"column":23}},"60":{"start":{"line":61,"column":0},"end":{"line":61,"column":6}},"61":{"start":{"line":62,"column":0},"end":{"line":62,"column":55}},"62":{"start":{"line":63,"column":0},"end":{"line":63,"column":43}},"63":{"start":{"line":64,"column":0},"end":{"line":64,"column":9}},"64":{"start":{"line":65,"column":0},"end":{"line":65,"column":9}},"65":{"start":{"line":66,"column":0},"end":{"line":66,"column":35}},"66":{"start":{"line":67,"column":0},"end":{"line":67,"column":25}},"67":{"start":{"line":68,"column":0},"end":{"line":68,"column":4}},"68":{"start":{"line":69,"column":0},"end":{"line":69,"column":19}},"69":{"start":{"line":70,"column":0},"end":{"line":70,"column":1}},"70":{"start":{"line":71,"column":0},"end":{"line":71,"column":0}},"71":{"start":{"line":72,"column":0},"end":{"line":72,"column":27}},"72":{"start":{"line":73,"column":0},"end":{"line":73,"column":25}},"73":{"start":{"line":74,"column":0},"end":{"line":74,"column":28}},"74":{"start":{"line":75,"column":0},"end":{"line":75,"column":39}},"75":{"start":{"line":76,"column":0},"end":{"line":76,"column":63}},"76":{"start":{"line":77,"column":0},"end":{"line":77,"column":15}},"77":{"start":{"line":78,"column":0},"end":{"line":78,"column":56}},"78":{"start":{"line":79,"column":0},"end":{"line":79,"column":50}},"79":{"start":{"line":80,"column":0},"end":{"line":80,"column":50}},"80":{"start":{"line":81,"column":0},"end":{"line":81,"column":75}},"81":{"start":{"line":82,"column":0},"end":{"line":82,"column":6}},"82":{"start":{"line":83,"column":0},"end":{"line":83,"column":81}},"83":{"start":{"line":84,"column":0},"end":{"line":84,"column":0}},"84":{"start":{"line":85,"column":0},"end":{"line":85,"column":131}},"85":{"start":{"line":86,"column":0},"end":{"line":86,"column":15}},"86":{"start":{"line":87,"column":0},"end":{"line":87,"column":9}},"87":{"start":{"line":88,"column":0},"end":{"line":88,"column":11}},"88":{"start":{"line":89,"column":0},"end":{"line":89,"column":16}},"89":{"start":{"line":90,"column":0},"end":{"line":90,"column":66}},"90":{"start":{"line":91,"column":0},"end":{"line":91,"column":36}},"91":{"start":{"line":92,"column":0},"end":{"line":92,"column":36}},"92":{"start":{"line":93,"column":0},"end":{"line":93,"column":40}},"93":{"start":{"line":94,"column":0},"end":{"line":94,"column":6}},"94":{"start":{"line":95,"column":0},"end":{"line":95,"column":42}},"95":{"start":{"line":96,"column":0},"end":{"line":96,"column":13}},"96":{"start":{"line":97,"column":0},"end":{"line":97,"column":1}},"97":{"start":{"line":98,"column":0},"end":{"line":98,"column":0}},"98":{"start":{"line":99,"column":0},"end":{"line":99,"column":91}},"99":{"start":{"line":100,"column":0},"end":{"line":100,"column":60}},"100":{"start":{"line":101,"column":0},"end":{"line":101,"column":49}},"101":{"start":{"line":102,"column":0},"end":{"line":102,"column":15}},"102":{"start":{"line":103,"column":0},"end":{"line":103,"column":17}},"103":{"start":{"line":104,"column":0},"end":{"line":104,"column":67}},"104":{"start":{"line":105,"column":0},"end":{"line":105,"column":50}},"105":{"start":{"line":106,"column":0},"end":{"line":106,"column":8}},"106":{"start":{"line":107,"column":0},"end":{"line":107,"column":4}},"107":{"start":{"line":108,"column":0},"end":{"line":108,"column":44}},"108":{"start":{"line":109,"column":0},"end":{"line":109,"column":9}},"109":{"start":{"line":110,"column":0},"end":{"line":110,"column":21}},"110":{"start":{"line":111,"column":0},"end":{"line":111,"column":35}},"111":{"start":{"line":112,"column":0},"end":{"line":112,"column":15}},"112":{"start":{"line":113,"column":0},"end":{"line":113,"column":15}},"113":{"start":{"line":114,"column":0},"end":{"line":114,"column":48}},"114":{"start":{"line":115,"column":0},"end":{"line":115,"column":4}},"115":{"start":{"line":116,"column":0},"end":{"line":116,"column":19}},"116":{"start":{"line":117,"column":0},"end":{"line":117,"column":1}},"117":{"start":{"line":118,"column":0},"end":{"line":118,"column":0}},"118":{"start":{"line":119,"column":0},"end":{"line":119,"column":85}},"119":{"start":{"line":120,"column":0},"end":{"line":120,"column":34}},"120":{"start":{"line":121,"column":0},"end":{"line":121,"column":12}},"121":{"start":{"line":122,"column":0},"end":{"line":122,"column":12}},"122":{"start":{"line":123,"column":0},"end":{"line":123,"column":47}},"123":{"start":{"line":124,"column":0},"end":{"line":124,"column":74}},"124":{"start":{"line":125,"column":0},"end":{"line":125,"column":5}},"125":{"start":{"line":126,"column":0},"end":{"line":126,"column":15}},"126":{"start":{"line":127,"column":0},"end":{"line":127,"column":29}},"127":{"start":{"line":128,"column":0},"end":{"line":128,"column":15}},"128":{"start":{"line":129,"column":0},"end":{"line":129,"column":32}},"129":{"start":{"line":130,"column":0},"end":{"line":130,"column":33}},"130":{"start":{"line":131,"column":0},"end":{"line":131,"column":6}},"131":{"start":{"line":132,"column":0},"end":{"line":132,"column":41}},"132":{"start":{"line":133,"column":0},"end":{"line":133,"column":9}},"133":{"start":{"line":134,"column":0},"end":{"line":134,"column":18}},"134":{"start":{"line":135,"column":0},"end":{"line":135,"column":35}},"135":{"start":{"line":136,"column":0},"end":{"line":136,"column":10}},"136":{"start":{"line":137,"column":0},"end":{"line":137,"column":4}},"137":{"start":{"line":138,"column":0},"end":{"line":138,"column":19}},"138":{"start":{"line":139,"column":0},"end":{"line":139,"column":1}},"139":{"start":{"line":140,"column":0},"end":{"line":140,"column":0}},"140":{"start":{"line":141,"column":0},"end":{"line":141,"column":86}},"141":{"start":{"line":142,"column":0},"end":{"line":142,"column":75}},"142":{"start":{"line":143,"column":0},"end":{"line":143,"column":40}},"143":{"start":{"line":144,"column":0},"end":{"line":144,"column":9}},"144":{"start":{"line":145,"column":0},"end":{"line":145,"column":17}},"145":{"start":{"line":146,"column":0},"end":{"line":146,"column":35}},"146":{"start":{"line":147,"column":0},"end":{"line":147,"column":12}},"147":{"start":{"line":148,"column":0},"end":{"line":148,"column":4}},"148":{"start":{"line":149,"column":0},"end":{"line":149,"column":19}},"149":{"start":{"line":150,"column":0},"end":{"line":150,"column":1}},"150":{"start":{"line":151,"column":0},"end":{"line":151,"column":0}},"151":{"start":{"line":152,"column":0},"end":{"line":152,"column":95}},"152":{"start":{"line":153,"column":0},"end":{"line":153,"column":22}},"153":{"start":{"line":154,"column":0},"end":{"line":154,"column":46}},"154":{"start":{"line":155,"column":0},"end":{"line":155,"column":49}},"155":{"start":{"line":156,"column":0},"end":{"line":156,"column":73}},"156":{"start":{"line":157,"column":0},"end":{"line":157,"column":23}},"157":{"start":{"line":158,"column":0},"end":{"line":158,"column":5}},"158":{"start":{"line":159,"column":0},"end":{"line":159,"column":41}},"159":{"start":{"line":160,"column":0},"end":{"line":160,"column":41}},"160":{"start":{"line":161,"column":0},"end":{"line":161,"column":57}},"161":{"start":{"line":162,"column":0},"end":{"line":162,"column":23}},"162":{"start":{"line":163,"column":0},"end":{"line":163,"column":5}},"163":{"start":{"line":164,"column":0},"end":{"line":164,"column":45}},"164":{"start":{"line":165,"column":0},"end":{"line":165,"column":46}},"165":{"start":{"line":166,"column":0},"end":{"line":166,"column":67}},"166":{"start":{"line":167,"column":0},"end":{"line":167,"column":19}},"167":{"start":{"line":168,"column":0},"end":{"line":168,"column":55}},"168":{"start":{"line":169,"column":0},"end":{"line":169,"column":61}},"169":{"start":{"line":170,"column":0},"end":{"line":170,"column":23}},"170":{"start":{"line":171,"column":0},"end":{"line":171,"column":5}},"171":{"start":{"line":172,"column":0},"end":{"line":172,"column":46}},"172":{"start":{"line":173,"column":0},"end":{"line":173,"column":23}},"173":{"start":{"line":174,"column":0},"end":{"line":174,"column":21}},"174":{"start":{"line":175,"column":0},"end":{"line":175,"column":7}},"175":{"start":{"line":176,"column":0},"end":{"line":176,"column":31}},"176":{"start":{"line":177,"column":0},"end":{"line":177,"column":42}},"177":{"start":{"line":178,"column":0},"end":{"line":178,"column":45}},"178":{"start":{"line":179,"column":0},"end":{"line":179,"column":70}},"179":{"start":{"line":180,"column":0},"end":{"line":180,"column":27}},"180":{"start":{"line":181,"column":0},"end":{"line":181,"column":9}},"181":{"start":{"line":182,"column":0},"end":{"line":182,"column":39}},"182":{"start":{"line":183,"column":0},"end":{"line":183,"column":45}},"183":{"start":{"line":184,"column":0},"end":{"line":184,"column":67}},"184":{"start":{"line":185,"column":0},"end":{"line":185,"column":27}},"185":{"start":{"line":186,"column":0},"end":{"line":186,"column":9}},"186":{"start":{"line":187,"column":0},"end":{"line":187,"column":18}},"187":{"start":{"line":188,"column":0},"end":{"line":188,"column":47}},"188":{"start":{"line":189,"column":0},"end":{"line":189,"column":47}},"189":{"start":{"line":190,"column":0},"end":{"line":190,"column":36}},"190":{"start":{"line":191,"column":0},"end":{"line":191,"column":61}},"191":{"start":{"line":192,"column":0},"end":{"line":192,"column":20}},"192":{"start":{"line":193,"column":0},"end":{"line":193,"column":28}},"193":{"start":{"line":194,"column":0},"end":{"line":194,"column":29}},"194":{"start":{"line":195,"column":0},"end":{"line":195,"column":21}},"195":{"start":{"line":196,"column":0},"end":{"line":196,"column":15}},"196":{"start":{"line":197,"column":0},"end":{"line":197,"column":14}},"197":{"start":{"line":198,"column":0},"end":{"line":198,"column":58}},"198":{"start":{"line":199,"column":0},"end":{"line":199,"column":49}},"199":{"start":{"line":200,"column":0},"end":{"line":200,"column":84}},"200":{"start":{"line":201,"column":0},"end":{"line":201,"column":26}},"201":{"start":{"line":202,"column":0},"end":{"line":202,"column":26}},"202":{"start":{"line":203,"column":0},"end":{"line":203,"column":18}},"203":{"start":{"line":204,"column":0},"end":{"line":204,"column":32}},"204":{"start":{"line":205,"column":0},"end":{"line":205,"column":11}},"205":{"start":{"line":206,"column":0},"end":{"line":206,"column":9}},"206":{"start":{"line":207,"column":0},"end":{"line":207,"column":7}},"207":{"start":{"line":208,"column":0},"end":{"line":208,"column":19}},"208":{"start":{"line":209,"column":0},"end":{"line":209,"column":5}},"209":{"start":{"line":210,"column":0},"end":{"line":210,"column":37}},"210":{"start":{"line":211,"column":0},"end":{"line":211,"column":31}},"211":{"start":{"line":212,"column":0},"end":{"line":212,"column":71}},"212":{"start":{"line":213,"column":0},"end":{"line":213,"column":23}},"213":{"start":{"line":214,"column":0},"end":{"line":214,"column":5}},"214":{"start":{"line":215,"column":0},"end":{"line":215,"column":35}},"215":{"start":{"line":216,"column":0},"end":{"line":216,"column":65}},"216":{"start":{"line":217,"column":0},"end":{"line":217,"column":23}},"217":{"start":{"line":218,"column":0},"end":{"line":218,"column":5}},"218":{"start":{"line":219,"column":0},"end":{"line":219,"column":3}},"219":{"start":{"line":220,"column":0},"end":{"line":220,"column":1}},"220":{"start":{"line":221,"column":0},"end":{"line":221,"column":0}},"221":{"start":{"line":222,"column":0},"end":{"line":222,"column":58}},"222":{"start":{"line":223,"column":0},"end":{"line":223,"column":34}},"223":{"start":{"line":224,"column":0},"end":{"line":224,"column":34}},"224":{"start":{"line":225,"column":0},"end":{"line":225,"column":44}},"225":{"start":{"line":226,"column":0},"end":{"line":226,"column":47}},"226":{"start":{"line":227,"column":0},"end":{"line":227,"column":52}},"227":{"start":{"line":228,"column":0},"end":{"line":228,"column":20}},"228":{"start":{"line":229,"column":0},"end":{"line":229,"column":26}},"229":{"start":{"line":230,"column":0},"end":{"line":230,"column":5}},"230":{"start":{"line":231,"column":0},"end":{"line":231,"column":60}},"231":{"start":{"line":232,"column":0},"end":{"line":232,"column":20}},"232":{"start":{"line":233,"column":0},"end":{"line":233,"column":4}},"233":{"start":{"line":234,"column":0},"end":{"line":234,"column":46}},"234":{"start":{"line":235,"column":0},"end":{"line":235,"column":13}},"235":{"start":{"line":236,"column":0},"end":{"line":236,"column":1}},"236":{"start":{"line":237,"column":0},"end":{"line":237,"column":0}},"237":{"start":{"line":238,"column":0},"end":{"line":238,"column":35}},"238":{"start":{"line":239,"column":0},"end":{"line":239,"column":19}},"239":{"start":{"line":240,"column":0},"end":{"line":240,"column":53}},"240":{"start":{"line":241,"column":0},"end":{"line":241,"column":3}},"241":{"start":{"line":242,"column":0},"end":{"line":242,"column":57}},"242":{"start":{"line":243,"column":0},"end":{"line":243,"column":38}},"243":{"start":{"line":244,"column":0},"end":{"line":244,"column":15}},"244":{"start":{"line":245,"column":0},"end":{"line":245,"column":41}},"245":{"start":{"line":246,"column":0},"end":{"line":246,"column":68}},"246":{"start":{"line":247,"column":0},"end":{"line":247,"column":9}},"247":{"start":{"line":248,"column":0},"end":{"line":248,"column":12}},"248":{"start":{"line":249,"column":0},"end":{"line":249,"column":62}},"249":{"start":{"line":250,"column":0},"end":{"line":250,"column":5}},"250":{"start":{"line":251,"column":0},"end":{"line":251,"column":4}},"251":{"start":{"line":252,"column":0},"end":{"line":252,"column":20}},"252":{"start":{"line":253,"column":0},"end":{"line":253,"column":1}},"253":{"start":{"line":254,"column":0},"end":{"line":254,"column":0}},"254":{"start":{"line":255,"column":0},"end":{"line":255,"column":85}},"255":{"start":{"line":256,"column":0},"end":{"line":256,"column":44}},"256":{"start":{"line":257,"column":0},"end":{"line":257,"column":51}},"257":{"start":{"line":258,"column":0},"end":{"line":258,"column":25}},"258":{"start":{"line":259,"column":0},"end":{"line":259,"column":19}},"259":{"start":{"line":260,"column":0},"end":{"line":260,"column":11}},"260":{"start":{"line":261,"column":0},"end":{"line":261,"column":26}},"261":{"start":{"line":262,"column":0},"end":{"line":262,"column":88}},"262":{"start":{"line":263,"column":0},"end":{"line":263,"column":32}},"263":{"start":{"line":264,"column":0},"end":{"line":264,"column":17}},"264":{"start":{"line":265,"column":0},"end":{"line":265,"column":10}},"265":{"start":{"line":266,"column":0},"end":{"line":266,"column":12}},"266":{"start":{"line":267,"column":0},"end":{"line":267,"column":15}},"267":{"start":{"line":268,"column":0},"end":{"line":268,"column":5}},"268":{"start":{"line":269,"column":0},"end":{"line":269,"column":22}},"269":{"start":{"line":270,"column":0},"end":{"line":270,"column":49}},"270":{"start":{"line":271,"column":0},"end":{"line":271,"column":49}},"271":{"start":{"line":272,"column":0},"end":{"line":272,"column":29}},"272":{"start":{"line":273,"column":0},"end":{"line":273,"column":21}},"273":{"start":{"line":274,"column":0},"end":{"line":274,"column":16}},"274":{"start":{"line":275,"column":0},"end":{"line":275,"column":23}},"275":{"start":{"line":276,"column":0},"end":{"line":276,"column":27}},"276":{"start":{"line":277,"column":0},"end":{"line":277,"column":29}},"277":{"start":{"line":278,"column":0},"end":{"line":278,"column":37}},"278":{"start":{"line":279,"column":0},"end":{"line":279,"column":36}},"279":{"start":{"line":280,"column":0},"end":{"line":280,"column":34}},"280":{"start":{"line":281,"column":0},"end":{"line":281,"column":15}},"281":{"start":{"line":282,"column":0},"end":{"line":282,"column":16}},"282":{"start":{"line":283,"column":0},"end":{"line":283,"column":11}},"283":{"start":{"line":284,"column":0},"end":{"line":284,"column":14}},"284":{"start":{"line":285,"column":0},"end":{"line":285,"column":44}},"285":{"start":{"line":286,"column":0},"end":{"line":286,"column":4}},"286":{"start":{"line":287,"column":0},"end":{"line":287,"column":20}},"287":{"start":{"line":288,"column":0},"end":{"line":288,"column":37}},"288":{"start":{"line":289,"column":0},"end":{"line":289,"column":14}},"289":{"start":{"line":290,"column":0},"end":{"line":290,"column":25}},"290":{"start":{"line":291,"column":0},"end":{"line":291,"column":56}},"291":{"start":{"line":292,"column":0},"end":{"line":292,"column":80}},"292":{"start":{"line":293,"column":0},"end":{"line":293,"column":99}},"293":{"start":{"line":294,"column":0},"end":{"line":294,"column":1}},"294":{"start":{"line":295,"column":0},"end":{"line":295,"column":0}},"295":{"start":{"line":296,"column":0},"end":{"line":296,"column":47}},"296":{"start":{"line":297,"column":0},"end":{"line":297,"column":47}},"297":{"start":{"line":298,"column":0},"end":{"line":298,"column":43}},"298":{"start":{"line":299,"column":0},"end":{"line":299,"column":1}}},"s":{"0":1,"1":1,"2":1,"3":1,"4":1,"5":1,"6":1,"7":1,"8":1,"9":1,"10":1,"11":1,"12":1,"13":1,"14":1,"15":1,"16":1,"17":1,"18":49,"19":49,"20":49,"21":49,"22":49,"23":49,"24":49,"25":49,"26":49,"27":49,"28":49,"29":49,"30":49,"31":49,"32":49,"33":1,"34":72,"35":72,"36":72,"37":70,"38":70,"39":70,"40":70,"41":72,"42":2,"43":2,"44":2,"45":2,"46":72,"47":0,"48":0,"49":1,"50":38,"51":38,"52":38,"53":38,"54":38,"55":38,"56":38,"57":38,"58":72,"59":72,"60":38,"61":38,"62":38,"63":38,"64":38,"65":38,"66":38,"67":38,"68":38,"69":38,"70":1,"71":5,"72":5,"73":5,"74":5,"75":5,"76":5,"77":5,"78":5,"79":7,"80":7,"81":5,"82":5,"83":5,"84":5,"85":5,"86":5,"87":5,"88":5,"89":5,"90":5,"91":5,"92":5,"93":5,"94":5,"95":5,"96":5,"97":1,"98":5,"99":5,"100":5,"101":5,"102":7,"103":7,"104":7,"105":7,"106":5,"107":5,"108":5,"109":5,"110":5,"111":5,"112":5,"113":5,"114":5,"115":5,"116":5,"117":1,"118":5,"119":5,"120":5,"121":5,"122":12,"123":12,"124":5,"125":5,"126":12,"127":12,"128":12,"129":12,"130":5,"131":5,"132":5,"133":5,"134":5,"135":5,"136":5,"137":5,"138":5,"139":1,"140":1,"141":1,"142":1,"143":1,"144":1,"145":1,"146":1,"147":1,"148":1,"149":1,"150":1,"151":528,"152":528,"153":528,"154":2,"155":2,"156":2,"157":2,"158":528,"159":1,"160":1,"161":1,"162":1,"163":528,"164":3,"165":3,"166":3,"167":3,"168":3,"169":3,"170":3,"171":528,"172":31,"173":0,"174":0,"175":31,"176":31,"177":2,"178":2,"179":2,"180":2,"181":31,"182":1,"183":1,"184":1,"185":1,"186":31,"187":28,"188":27,"189":27,"190":27,"191":27,"192":27,"193":27,"194":27,"195":27,"196":27,"197":27,"198":27,"199":27,"200":27,"201":27,"202":27,"203":27,"204":27,"205":28,"206":31,"207":1,"208":1,"209":528,"210":36,"211":36,"212":36,"213":36,"214":528,"215":4,"216":4,"217":4,"218":528,"219":528,"220":1,"221":1,"222":35,"223":35,"224":501,"225":501,"226":501,"227":501,"228":49,"229":49,"230":501,"231":501,"232":501,"233":35,"234":35,"235":35,"236":1,"237":35,"238":35,"239":35,"240":35,"241":35,"242":501,"243":501,"244":31,"245":80,"246":31,"247":501,"248":470,"249":470,"250":501,"251":35,"252":35,"253":1,"254":1,"255":37,"256":37,"257":37,"258":37,"259":3,"260":3,"261":12,"262":8,"263":4,"264":3,"265":3,"266":3,"267":37,"268":37,"269":37,"270":37,"271":37,"272":3,"273":3,"274":3,"275":3,"276":3,"277":3,"278":3,"279":3,"280":3,"281":3,"282":3,"283":0,"284":37,"285":37,"286":37,"287":37,"288":37,"289":37,"290":37,"291":37,"292":37,"293":37,"294":1,"295":1,"296":33,"297":33,"298":33},"branchMap":{"0":{"type":"branch","line":19,"loc":{"start":{"line":19,"column":0},"end":{"line":33,"column":1}},"locations":[{"start":{"line":19,"column":0},"end":{"line":33,"column":1}}]},"1":{"type":"branch","line":35,"loc":{"start":{"line":35,"column":0},"end":{"line":49,"column":1}},"locations":[{"start":{"line":35,"column":0},"end":{"line":49,"column":1}}]},"2":{"type":"branch","line":37,"loc":{"start":{"line":37,"column":4},"end":{"line":41,"column":8}},"locations":[{"start":{"line":37,"column":4},"end":{"line":41,"column":8}}]},"3":{"type":"branch","line":42,"loc":{"start":{"line":42,"column":4},"end":{"line":46,"column":8}},"locations":[{"start":{"line":42,"column":4},"end":{"line":46,"column":8}}]},"4":{"type":"branch","line":47,"loc":{"start":{"line":47,"column":2},"end":{"line":49,"column":1}},"locations":[{"start":{"line":47,"column":2},"end":{"line":49,"column":1}}]},"5":{"type":"branch","line":51,"loc":{"start":{"line":51,"column":0},"end":{"line":70,"column":1}},"locations":[{"start":{"line":51,"column":0},"end":{"line":70,"column":1}}]},"6":{"type":"branch","line":57,"loc":{"start":{"line":57,"column":25},"end":{"line":57,"column":39}},"locations":[{"start":{"line":57,"column":25},"end":{"line":57,"column":39}}]},"7":{"type":"branch","line":58,"loc":{"start":{"line":58,"column":9},"end":{"line":61,"column":5}},"locations":[{"start":{"line":58,"column":9},"end":{"line":61,"column":5}}]},"8":{"type":"branch","line":62,"loc":{"start":{"line":62,"column":12},"end":{"line":62,"column":39}},"locations":[{"start":{"line":62,"column":12},"end":{"line":62,"column":39}}]},"9":{"type":"branch","line":72,"loc":{"start":{"line":72,"column":0},"end":{"line":97,"column":1}},"locations":[{"start":{"line":72,"column":0},"end":{"line":97,"column":1}}]},"10":{"type":"branch","line":78,"loc":{"start":{"line":78,"column":21},"end":{"line":78,"column":53}},"locations":[{"start":{"line":78,"column":21},"end":{"line":78,"column":53}}]},"11":{"type":"branch","line":78,"loc":{"start":{"line":78,"column":27},"end":{"line":78,"column":56}},"locations":[{"start":{"line":78,"column":27},"end":{"line":78,"column":56}}]},"12":{"type":"branch","line":83,"loc":{"start":{"line":83,"column":20},"end":{"line":83,"column":71}},"locations":[{"start":{"line":83,"column":20},"end":{"line":83,"column":71}}]},"13":{"type":"branch","line":83,"loc":{"start":{"line":83,"column":65},"end":{"line":83,"column":81}},"locations":[{"start":{"line":83,"column":65},"end":{"line":83,"column":81}}]},"14":{"type":"branch","line":79,"loc":{"start":{"line":79,"column":37},"end":{"line":82,"column":4}},"locations":[{"start":{"line":79,"column":37},"end":{"line":82,"column":4}}]},"15":{"type":"branch","line":81,"loc":{"start":{"line":81,"column":63},"end":{"line":81,"column":75}},"locations":[{"start":{"line":81,"column":63},"end":{"line":81,"column":75}}]},"16":{"type":"branch","line":99,"loc":{"start":{"line":99,"column":0},"end":{"line":117,"column":1}},"locations":[{"start":{"line":99,"column":0},"end":{"line":117,"column":1}}]},"17":{"type":"branch","line":101,"loc":{"start":{"line":101,"column":27},"end":{"line":101,"column":45}},"locations":[{"start":{"line":101,"column":27},"end":{"line":101,"column":45}}]},"18":{"type":"branch","line":102,"loc":{"start":{"line":102,"column":4},"end":{"line":106,"column":8}},"locations":[{"start":{"line":102,"column":4},"end":{"line":106,"column":8}}]},"19":{"type":"branch","line":104,"loc":{"start":{"line":104,"column":42},"end":{"line":104,"column":60}},"locations":[{"start":{"line":104,"column":42},"end":{"line":104,"column":60}}]},"20":{"type":"branch","line":119,"loc":{"start":{"line":119,"column":0},"end":{"line":139,"column":1}},"locations":[{"start":{"line":119,"column":0},"end":{"line":139,"column":1}}]},"21":{"type":"branch","line":120,"loc":{"start":{"line":120,"column":22},"end":{"line":120,"column":34}},"locations":[{"start":{"line":120,"column":22},"end":{"line":120,"column":34}}]},"22":{"type":"branch","line":122,"loc":{"start":{"line":122,"column":6},"end":{"line":124,"column":74}},"locations":[{"start":{"line":122,"column":6},"end":{"line":124,"column":74}}]},"23":{"type":"branch","line":126,"loc":{"start":{"line":126,"column":9},"end":{"line":130,"column":33}},"locations":[{"start":{"line":126,"column":9},"end":{"line":130,"column":33}}]},"24":{"type":"branch","line":141,"loc":{"start":{"line":141,"column":0},"end":{"line":150,"column":1}},"locations":[{"start":{"line":141,"column":0},"end":{"line":150,"column":1}}]},"25":{"type":"branch","line":142,"loc":{"start":{"line":142,"column":24},"end":{"line":142,"column":39}},"locations":[{"start":{"line":142,"column":24},"end":{"line":142,"column":39}}]},"26":{"type":"branch","line":142,"loc":{"start":{"line":142,"column":43},"end":{"line":142,"column":73}},"locations":[{"start":{"line":142,"column":43},"end":{"line":142,"column":73}}]},"27":{"type":"branch","line":152,"loc":{"start":{"line":152,"column":0},"end":{"line":220,"column":1}},"locations":[{"start":{"line":152,"column":0},"end":{"line":220,"column":1}}]},"28":{"type":"branch","line":154,"loc":{"start":{"line":154,"column":4},"end":{"line":158,"column":5}},"locations":[{"start":{"line":154,"column":4},"end":{"line":158,"column":5}}]},"29":{"type":"branch","line":159,"loc":{"start":{"line":159,"column":4},"end":{"line":163,"column":5}},"locations":[{"start":{"line":159,"column":4},"end":{"line":163,"column":5}}]},"30":{"type":"branch","line":164,"loc":{"start":{"line":164,"column":4},"end":{"line":171,"column":5}},"locations":[{"start":{"line":164,"column":4},"end":{"line":171,"column":5}}]},"31":{"type":"branch","line":168,"loc":{"start":{"line":168,"column":28},"end":{"line":168,"column":55}},"locations":[{"start":{"line":168,"column":28},"end":{"line":168,"column":55}}]},"32":{"type":"branch","line":172,"loc":{"start":{"line":172,"column":4},"end":{"line":209,"column":5}},"locations":[{"start":{"line":172,"column":4},"end":{"line":209,"column":5}}]},"33":{"type":"branch","line":173,"loc":{"start":{"line":173,"column":22},"end":{"line":175,"column":7}},"locations":[{"start":{"line":173,"column":22},"end":{"line":175,"column":7}}]},"34":{"type":"branch","line":177,"loc":{"start":{"line":177,"column":8},"end":{"line":181,"column":9}},"locations":[{"start":{"line":177,"column":8},"end":{"line":181,"column":9}}]},"35":{"type":"branch","line":182,"loc":{"start":{"line":182,"column":8},"end":{"line":186,"column":9}},"locations":[{"start":{"line":182,"column":8},"end":{"line":186,"column":9}}]},"36":{"type":"branch","line":187,"loc":{"start":{"line":187,"column":8},"end":{"line":206,"column":9}},"locations":[{"start":{"line":187,"column":8},"end":{"line":206,"column":9}}]},"37":{"type":"branch","line":188,"loc":{"start":{"line":188,"column":46},"end":{"line":205,"column":11}},"locations":[{"start":{"line":188,"column":46},"end":{"line":205,"column":11}}]},"38":{"type":"branch","line":207,"loc":{"start":{"line":207,"column":6},"end":{"line":209,"column":5}},"locations":[{"start":{"line":207,"column":6},"end":{"line":209,"column":5}}]},"39":{"type":"branch","line":210,"loc":{"start":{"line":210,"column":4},"end":{"line":214,"column":5}},"locations":[{"start":{"line":210,"column":4},"end":{"line":214,"column":5}}]},"40":{"type":"branch","line":215,"loc":{"start":{"line":215,"column":4},"end":{"line":218,"column":5}},"locations":[{"start":{"line":215,"column":4},"end":{"line":218,"column":5}}]},"41":{"type":"branch","line":222,"loc":{"start":{"line":222,"column":7},"end":{"line":236,"column":1}},"locations":[{"start":{"line":222,"column":7},"end":{"line":236,"column":1}}]},"42":{"type":"branch","line":224,"loc":{"start":{"line":224,"column":18},"end":{"line":233,"column":4}},"locations":[{"start":{"line":224,"column":18},"end":{"line":233,"column":4}}]},"43":{"type":"branch","line":228,"loc":{"start":{"line":228,"column":19},"end":{"line":230,"column":5}},"locations":[{"start":{"line":228,"column":19},"end":{"line":230,"column":5}}]},"44":{"type":"branch","line":238,"loc":{"start":{"line":238,"column":0},"end":{"line":253,"column":1}},"locations":[{"start":{"line":238,"column":0},"end":{"line":253,"column":1}}]},"45":{"type":"branch","line":242,"loc":{"start":{"line":242,"column":16},"end":{"line":251,"column":4}},"locations":[{"start":{"line":242,"column":16},"end":{"line":251,"column":4}}]},"46":{"type":"branch","line":244,"loc":{"start":{"line":244,"column":14},"end":{"line":248,"column":11}},"locations":[{"start":{"line":244,"column":14},"end":{"line":248,"column":11}}]},"47":{"type":"branch","line":248,"loc":{"start":{"line":248,"column":4},"end":{"line":250,"column":5}},"locations":[{"start":{"line":248,"column":4},"end":{"line":250,"column":5}}]},"48":{"type":"branch","line":245,"loc":{"start":{"line":245,"column":28},"end":{"line":247,"column":7}},"locations":[{"start":{"line":245,"column":28},"end":{"line":247,"column":7}}]},"49":{"type":"branch","line":246,"loc":{"start":{"line":246,"column":32},"end":{"line":246,"column":66}},"locations":[{"start":{"line":246,"column":32},"end":{"line":246,"column":66}}]},"50":{"type":"branch","line":249,"loc":{"start":{"line":249,"column":28},"end":{"line":249,"column":60}},"locations":[{"start":{"line":249,"column":28},"end":{"line":249,"column":60}}]},"51":{"type":"branch","line":255,"loc":{"start":{"line":255,"column":7},"end":{"line":294,"column":1}},"locations":[{"start":{"line":255,"column":7},"end":{"line":294,"column":1}}]},"52":{"type":"branch","line":257,"loc":{"start":{"line":257,"column":29},"end":{"line":257,"column":49}},"locations":[{"start":{"line":257,"column":29},"end":{"line":257,"column":49}}]},"53":{"type":"branch","line":259,"loc":{"start":{"line":259,"column":9},"end":{"line":267,"column":15}},"locations":[{"start":{"line":259,"column":9},"end":{"line":267,"column":15}}]},"54":{"type":"branch","line":261,"loc":{"start":{"line":261,"column":15},"end":{"line":264,"column":17}},"locations":[{"start":{"line":261,"column":15},"end":{"line":264,"column":17}}]},"55":{"type":"branch","line":262,"loc":{"start":{"line":262,"column":30},"end":{"line":262,"column":64}},"locations":[{"start":{"line":262,"column":30},"end":{"line":262,"column":64}}]},"56":{"type":"branch","line":262,"loc":{"start":{"line":262,"column":59},"end":{"line":262,"column":88}},"locations":[{"start":{"line":262,"column":59},"end":{"line":262,"column":88}}]},"57":{"type":"branch","line":262,"loc":{"start":{"line":
[...]
,"/home/runner/work/ts-retype/ts-retype/scripts/src/utils/enums.ts": {"path":"/home/runner/work/ts-retype/ts-retype/scripts/src/utils/enums.ts","all":false,"statementMap":{"0":{"start":{"line":1,"column":0},"end":{"line":1,"column":57}},"1":{"start":{"line":2,"column":0},"end":{"line":2,"column":0}},"2":{"start":{"line":3,"column":0},"end":{"line":3,"column":52}},"3":{"start":{"line":4,"column":0},"end":{"line":4,"column":13}},"4":{"start":{"line":5,"column":0},"end":{"line":5,"column":48}},"5":{"start":{"line":6,"column":0},"end":{"line":6,"column":27}},"6":{"start":{"line":7,"column":0},"end":{"line":7,"column":34}},"7":{"start":{"line":8,"column":0},"end":{"line":8,"column":92}},"8":{"start":{"line":9,"column":0},"end":{"line":9,"column":34}},"9":{"start":{"line":10,"column":0},"end":{"line":10,"column":43}},"10":{"start":{"line":11,"column":0},"end":{"line":11,"column":5}},"11":{"start":{"line":12,"column":0},"end":{"line":12,"column":81}},"12":{"start":{"line":13,"column":0},"end":{"line":13,"column":37}},"13":{"start":{"line":14,"column":0},"end":{"line":14,"column":55}},"14":{"start":{"line":15,"column":0},"end":{"line":15,"column":37}},"15":{"start":{"line":16,"column":0},"end":{"line":16,"column":3}},"16":{"start":{"line":17,"column":0},"end":{"line":17,"column":19}},"17":{"start":{"line":18,"column":0},"end":{"line":18,"column":1}},"18":{"start":{"line":19,"column":0},"end":{"line":19,"column":0}},"19":{"start":{"line":20,"column":0},"end":{"line":20,"column":48}},"20":{"start":{"line":21,"column":0},"end":{"line":21,"column":13}},"21":{"start":{"line":22,"column":0},"end":{"line":22,"column":53}},"22":{"start":{"line":23,"column":0},"end":{"line":23,"column":27}},"23":{"start":{"line":24,"column":0},"end":{"line":24,"column":52}},"24":{"start":{"line":25,"column":0},"end":{"line":25,"column":1}},"25":{"start":{"line":26,"column":0},"end":{"line":26,"column":0}},"26":{"start":{"line":27,"column":0},"end":{"line":27,"column":49}},"27":{"start":{"line":28,"column":0},"end":{"line":28,"column":13}},"28":{"start":{"line":29,"column":0},"end":{"line":29,"column":74}},"29":{"start":{"line":30,"column":0},"end":{"line":30,"column":23}},"30":{"start":{"line":31,"column":0},"end":{"line":31,"column":40}},"31":{"start":{"line":32,"column":0},"end":{"line":32,"column":20}},"32":{"start":{"line":33,"column":0},"end":{"line":33,"column":21}},"33":{"start":{"line":34,"column":0},"end":{"line":34,"column":3}},"34":{"start":{"line":35,"column":0},"end":{"line":35,"column":34}},"35":{"start":{"line":36,"column":0},"end":{"line":36,"column":1}},"36":{"start":{"line":37,"column":0},"end":{"line":37,"column":0}},"37":{"start":{"line":38,"column":0},"end":{"line":38,"column":74}},"38":{"start":{"line":39,"column":0},"end":{"line":39,"column":72}},"39":{"start":{"line":40,"column":0},"end":{"line":40,"column":1}}},"s":{"0":1,"1":1,"2":1,"3":1,"4":1,"5":1,"6":5,"7":1,"8":1,"9":1,"10":1,"11":5,"12":2,"13":2,"14":0,"15":0,"16":2,"17":2,"18":1,"19":1,"20":4,"21":4,"22":4,"23":4,"24":4,"25":1,"26":1,"27":0,"28":0,"29":0,"30":0,"31":0,"32":0,"33":0,"34":0,"35":0,"36":1,"37":1,"38":0,"39":0},"branchMap":{"0":{"type":"branch","line":6,"loc":{"start":{"line":6,"column":26},"end":{"line":18,"column":1}},"locations":[{"start":{"line":6,"column":26},"end":{"line":18,"column":1}}]},"1":{"type":"branch","line":7,"loc":{"start":{"line":7,"column":33},"end":{"line":12,"column":13}},"locations":[{"start":{"line":7,"column":33},"end":{"line":12,"column":13}}]},"2":{"type":"branch","line":12,"loc":{"start":{"line":12,"column":2},"end":{"line":16,"column":3}},"locations":[{"start":{"line":12,"column":2},"end":{"line":16,"column":3}}]},"3":{"type":"branch","line":12,"loc":{"start":{"line":12,"column":30},"end":{"line":12,"column":80}},"locations":[{"start":{"line":12,"column":30},"end":{"line":12,"column":80}}]},"4":{"type":"branch","line":12,"loc":{"start":{"line":12,"column":80},"end":{"line":16,"column":3}},"locations":[{"start":{"line":12,"column":80},"end":{"line":16,"column":3}}]},"5":{"type":"branch","line":14,"loc":{"start":{"line":14,"column":54},"end":{"line":16,"column":3}},"locations":[{"start":{"line":14,"column":54},"end":{"line":16,"column":3}}]},"6":{"type":"branch","line":16,"loc":{"start":{"line":16,"column":2},"end":{"line":18,"column":1}},"locations":[{"start":{"line":16,"column":2},"end":{"line":18,"column":1}}]},"7":{"type":"branch","line":8,"loc":{"start":{"line":8,"column":48},"end":{"line":8,"column":90}},"locations":[{"start":{"line":8,"column":48},"end":{"line":8,"column":90}}]},"8":{"type":"branch","line":20,"loc":{"start":{"line":20,"column":7},"end":{"line":25,"column":1}},"locations":[{"start":{"line":20,"column":7},"end":{"line":25,"column":1}}]}},"b":{"0":[5],"1":[1],"2":[4],"3":[3],"4":[2],"5":[0],"6":[2],"7":[34],"8":[4]},"fnMap":{"0":{"name":"safeToEnumValue","decl":{"start":{"line":6,"column":26},"end":{"line":18,"column":1}},"loc":{"start":{"line":6,"column":26},"end":{"line":18,"column":1}},"line":6},"1":{"name":"toEnumValue","decl":{"start":{"line":20,"column":7},"end":{"line":25,"column":1}},"loc":{"start":{"line":20,"column":7},"end":{"line":25,"column":1}},"line":20},"2":{"name":"enumToString","decl":{"start":{"line":27,"column":7},"end":{"line":36,"column":1}},"loc":{"start":{"line":27,"column":7},"end":{"line":36,"column":1}},"line":27},"3":{"name":"getEnumValues","decl":{"start":{"line":38,"column":7},"end":{"line":40,"column":1}},"loc":{"start":{"line":38,"column":7},"end":{"line":40,"column":1}},"line":38}},"f":{"0":5,"1":4,"2":0,"3":0}}
,"/home/runner/work/ts-retype/ts-retype/vis/src/model/search.ts": {"path":"/home/runner/work/ts-retype/ts-retype/vis/src/model/search.ts","all":false,"statementMap":{"0":{"start":{"line":1,"column":0},"end":{"line":1,"column":36}},"1":{"start":{"line":2,"column":0},"end":{"line":2,"column":52}},"2":{"start":{"line":3,"column":0},"end":{"line":3,"column":40}},"3":{"start":{"line":4,"column":0},"end":{"line":4,"column":0}},"4":{"start":{"line":5,"column":0},"end":{"line":5,"column":22}},"5":{"start":{"line":6,"column":0},"end":{"line":6,"column":29}},"6":{"start":{"line":7,"column":0},"end":{"line":7,"column":23}},"7":{"start":{"line":8,"column":0},"end":{"line":8,"column":19}},"8":{"start":{"line":9,"column":0},"end":{"line":9,"column":24}},"9":{"start":{"line":10,"column":0},"end":{"line":10,"column":2}},"10":{"start":{"line":11,"column":0},"end":{"line":11,"column":0}},"11":{"start":{"line":12,"column":0},"end":{"line":12,"column":59}},"12":{"start":{"line":13,"column":0},"end":{"line":13,"column":10}},"13":{"start":{"line":14,"column":0},"end":{"line":14,"column":49}},"14":{"start":{"line":15,"column":0},"end":{"line":15,"column":48}},"15":{"start":{"line":16,"column":0},"end":{"line":16,"column":59}},"16":{"start":{"line":17,"column":0},"end":{"line":17,"column":100}},"17":{"start":{"line":18,"column":0},"end":{"line":18,"column":100}},"18":{"start":{"line":19,"column":0},"end":{"line":19,"column":45}},"19":{"start":{"line":20,"column":0},"end":{"line":20,"column":43}},"20":{"start":{"line":21,"column":0},"end":{"line":21,"column":14}},"21":{"start":{"line":22,"column":0},"end":{"line":22,"column":1}},"22":{"start":{"line":23,"column":0},"end":{"line":23,"column":0}},"23":{"start":{"line":24,"column":0},"end":{"line":24,"column":55}},"24":{"start":{"line":25,"column":0},"end":{"line":25,"column":28}},"25":{"start":{"line":26,"column":0},"end":{"line":26,"column":14}},"26":{"start":{"line":27,"column":0},"end":{"line":27,"column":3}},"27":{"start":{"line":28,"column":0},"end":{"line":28,"column":0}},"28":{"start":{"line":29,"column":0},"end":{"line":29,"column":34}},"29":{"start":{"line":30,"column":0},"end":{"line":30,"column":46}},"30":{"start":{"line":31,"column":0},"end":{"line":31,"column":0}},"31":{"start":{"line":32,"column":0},"end":{"line":32,"column":38}},"32":{"start":{"line":33,"column":0},"end":{"line":33,"column":39}},"33":{"start":{"line":34,"column":0},"end":{"line":34,"column":3}},"34":{"start":{"line":35,"column":0},"end":{"line":35,"column":0}},"35":{"start":{"line":36,"column":0},"end":{"line":36,"column":96}},"36":{"start":{"line":37,"column":0},"end":{"line":37,"column":1}},"37":{"start":{"line":38,"column":0},"end":{"line":38,"column":0}},"38":{"start":{"line":39,"column":0},"end":{"line":39,"column":76}},"39":{"start":{"line":40,"column":0},"end":{"line":40,"column":18}},"40":{"start":{"line":41,"column":0},"end":{"line":41,"column":94}},"41":{"start":{"line":42,"column":0},"end":{"line":42,"column":1}},"42":{"start":{"line":43,"column":0},"end":{"line":43,"column":0}},"43":{"start":{"line":44,"column":0},"end":{"line":44,"column":74}},"44":{"start":{"line":45,"column":0},"end":{"line":45,"column":54}},"45":{"start":{"line":46,"column":0},"end":{"line":46,"column":27}},"46":{"start":{"line":47,"column":0},"end":{"line":47,"column":36}},"47":{"start":{"line":48,"column":0},"end":{"line":48,"column":94}},"48":{"start":{"line":49,"column":0},"end":{"line":49,"column":3}},"49":{"start":{"line":50,"column":0},"end":{"line":50,"column":13}},"50":{"start":{"line":51,"column":0},"end":{"line":51,"column":1}},"51":{"start":{"line":52,"column":0},"end":{"line":52,"column":0}},"52":{"start":{"line":53,"column":0},"end":{"line":53,"column":85}},"53":{"start":{"line":54,"column":0},"end":{"line":54,"column":38}},"54":{"start":{"line":55,"column":0},"end":{"line":55,"column":1}},"55":{"start":{"line":56,"column":0},"end":{"line":56,"column":0}},"56":{"start":{"line":57,"column":0},"end":{"line":57,"column":70}},"57":{"start":{"line":58,"column":0},"end":{"line":58,"column":24}},"58":{"start":{"line":59,"column":0},"end":{"line":59,"column":15}},"59":{"start":{"line":60,"column":0},"end":{"line":60,"column":30}},"60":{"start":{"line":61,"column":0},"end":{"line":61,"column":58}},"61":{"start":{"line":62,"column":0},"end":{"line":62,"column":2}},"62":{"start":{"line":63,"column":0},"end":{"line":63,"column":0}},"63":{"start":{"line":64,"column":0},"end":{"line":64,"column":27}},"64":{"start":{"line":65,"column":0},"end":{"line":65,"column":32}},"65":{"start":{"line":66,"column":0},"end":{"line":66,"column":2}},"66":{"start":{"line":67,"column":0},"end":{"line":67,"column":0}},"67":{"start":{"line":68,"column":0},"end":{"line":68,"column":49}},"68":{"start":{"line":69,"column":0},"end":{"line":69,"column":37}},"69":{"start":{"line":70,"column":0},"end":{"line":70,"column":33}},"70":{"start":{"line":71,"column":0},"end":{"line":71,"column":18}},"71":{"start":{"line":72,"column":0},"end":{"line":72,"column":13}},"72":{"start":{"line":73,"column":0},"end":{"line":73,"column":13}},"73":{"start":{"line":74,"column":0},"end":{"line":74,"column":14}},"74":{"start":{"line":75,"column":0},"end":{"line":75,"column":14}},"75":{"start":{"line":76,"column":0},"end":{"line":76,"column":19}},"76":{"start":{"line":77,"column":0},"end":{"line":77,"column":19}},"77":{"start":{"line":78,"column":0},"end":{"line":78,"column":19}},"78":{"start":{"line":79,"column":0},"end":{"line":79,"column":14}},"79":{"start":{"line":80,"column":0},"end":{"line":80,"column":17}},"80":{"start":{"line":81,"column":0},"end":{"line":81,"column":6}},"81":{"start":{"line":82,"column":0},"end":{"line":82,"column":5}},"82":{"start":{"line":83,"column":0},"end":{"line":83,"column":0}},"83":{"start":{"line":84,"column":0},"end":{"line":84,"column":35}},"84":{"start":{"line":85,"column":0},"end":{"line":85,"column":0}},"85":{"start":{"line":86,"column":0},"end":{"line":86,"column":10}},"86":{"start":{"line":87,"column":0},"end":{"line":87,"column":35}},"87":{"start":{"line":88,"column":0},"end":{"line":88,"column":29}},"88":{"start":{"line":89,"column":0},"end":{"line":89,"column":30}},"89":{"start":{"line":90,"column":0},"end":{"line":90,"column":21}},"90":{"start":{"line":91,"column":0},"end":{"line":91,"column":6}},"91":{"start":{"line":92,"column":0},"end":{"line":92,"column":43}},"92":{"start":{"line":93,"column":0},"end":{"line":93,"column":28}},"93":{"start":{"line":94,"column":0},"end":{"line":94,"column":36}},"94":{"start":{"line":95,"column":0},"end":{"line":95,"column":44}},"95":{"start":{"line":96,"column":0},"end":{"line":96,"column":22}},"96":{"start":{"line":97,"column":0},"end":{"line":97,"column":23}},"97":{"start":{"line":98,"column":0},"end":{"line":98,"column":40}},"98":{"start":{"line":99,"column":0},"end":{"line":99,"column":7}},"99":{"start":{"line":100,"column":0},"end":{"line":100,"column":0}},"100":{"start":{"line":101,"column":0},"end":{"line":101,"column":45}},"101":{"start":{"line":102,"column":0},"end":{"line":102,"column":82}},"102":{"start":{"line":103,"column":0},"end":{"line":103,"column":82}},"103":{"start":{"line":104,"column":0},"end":{"line":104,"column":68}},"104":{"start":{"line":105,"column":0},"end":{"line":105,"column":8}},"105":{"start":{"line":106,"column":0},"end":{"line":106,"column":0}},"106":{"start":{"line":107,"column":0},"end":{"line":107,"column":42}},"107":{"start":{"line":108,"column":0},"end":{"line":108,"column":80}},"108":{"start":{"line":109,"column":0},"end":{"line":109,"column":8}},"109":{"start":{"line":110,"column":0},"end":{"line":110,"column":0}},"110":{"start":{"line":111,"column":0},"end":{"line":111,"column":62}},"111":{"start":{"line":112,"column":0},"end":{"line":112,"column":0}},"112":{"start":{"line":113,"column":0},"end":{"line":113,"column":14}},"113":{"start":{"line":114,"column":0},"end":{"line":114,"column":22}},"114":{"start":{"line":115,"column":0},"end":{"line":115,"column":20}},"115":{"start":{"line":116,"column":0},"end":{"line":116,"column":8}},"116":{"start":{"line":117,"column":0},"end":{"line":117,"column":6}},"117":{"start":{"line":118,"column":0},"end":{"line":118,"column":4}},"118":{"start":{"line":119,"column":0},"end":{"line":119,"column":1}}},"s":{"0":1,"1":1,"2":1,"3":1,"4":1,"5":1,"6":1,"7":1,"8":1,"9":1,"10":1,"11":1,"12":0,"13":0,"14":0,"15":0,"16":0,"17":0,"18":0,"19":0,"20":0,"21":0,"22":1,"23":1,"24":11,"25":3,"26":3,"27":8,"28":8,"29":8,"30":8,"31":11,"32":3,"33":3,"34":5,"35":5,"36":5,"37":1,"38":12,"39":12,"40":72,"41":12,"42":1,"43":1,"44":1,"45":1,"46":1,"47":12,"48":12,"49":1,"50":1,"51":1,"52":1,"53":6,"54":6,"55":1,"56":1,"57":1,"58":1,"59":1,"60":1,"61":1,"62":1,"63":1,"64":1,"65":1,"66":1,"67":1,"68":0,"69":0,"70":0,"71":0,"72":0,"73":0,"74":0,"75":0,"76":0,"77":0,"78":0,"79":0,"80":0,"81":0,"82":0,"83":0,"84":0,"85":0,"86":0,"87":0,"88":0,"89":0,"90":0,"91":0,"92":0,"93":0,"94":0,"95":0,"96":0,"97":0,"98":0,"99":0,"100":0,"101":0,"102":0,"103":0,"104":0,"105":0,"106":0,"107":0,"108":0,"109":0,"110":0,"111":0,"112":0,"113":0,"114":0,"115":0,"116":0,"117":0,"118":0},"branchMap":{"0":{"type":"branch","line":24,"loc":{"start":{"line":24,"column":7},"end":{"line":37,"column":1}},"locations":[{"start":{"line":24,"column":7},"end":{"line":37,"column":1}}]},"1":{"type":"branch","line":25,"loc":{"start":{"line":25,"column":27},"end":{"line":27,"column":3}},"locations":[{"start":{"line":25,"column":27},"end":{"line":27,"column":3}}]},"2":{"type":"branch","line":27,"loc":{"start":{"line":27,"column":2},"end":{"line":32,"column":37}},"locations":[{"start":{"line":27,"column":2},"end":{"line":32,"column":37}}]},"3":{"type":"branch","line":32,"loc":{"start":{"line":32,"column":37},"end":{"line":34,"column":3}},"locations":[{"start":{"line":32,"column":37},"end":{"line":34,"column":3}}]},"4":{"type":"branch","line":34,"loc":{"start":{"line":34,"column":2},"end":{"line":37,"column":1}},"locations":[{"start":{"line":34,"column":2},"end":{"line":37,"column":1}}]},"5":{"type":"branch","line":33,"loc":{"start":{"line":33,"column":21},"end":{"line":33,"column":37}},"locations":[{"start":{"line":33,"column":21},"end":{"line":33,"column":37}}]},"6":{"type":"branch","line":36,"loc":{"start":{"line":36,"column":23},"end":{"line":36,"column":94}},"locations":[{"start":{"line":36,"column":23},"end":{"line":36,"column":94}}]},"7":{"type":"branch","line":36,"loc":{"start":{"line":36,"column":54},"end":{"line":36,"column":93}},"locations":[{"start":{"line":36,"column":54},"end":{"line":36,"column":93}}]},"8":{"type":"branch","line":39,"loc":{"start":{"line":39,"column":0},"end":{"line":42,"column":1}},"locations":[{"start":{"line":39,"column":0},"end":{"line":42,"column":1}}]},"9":{"type":"branch","line":40,"loc":{"start":{"line":40,"column":9},"end":{"line":41,"column":94}},"locations":[{"start":{"line":40,"column":9},"end":{"line":41,"column":94}}]},"10":{"type":"branch","line":41,"loc":{"start":{"line":41,"column":31},"end":{"line":41,"column":88}},"locations":[{"start":{"line":41,"column":31},"end":{"line":41,"column":88}}]},"11":{"type":"branch","line":41,"loc":{"start":{"line":41,"column":56},"end":{"line":41,"column":88}},"locations":[{"start":{"line":41,"column":56},"end":{"line":41,"column":88}}]},"12":{"type":"branch","line":44,"loc":{"start":{"line":44,"column":7},"end":{"line":51,"column":1}},"locations":[{"start":{"line":44,"column":7},"end":{"line":51,"column":1}}]},"13":{"type":"branch","line":47,"loc":{"start":{"line":47,"column":35},"end":{"line":49,"column":3}},"locations":[{"start":{"line":47,"column":35},"end":{"line":49,"column":3}}]},"14":{"type":"branch","line":53,"loc":{"start":{"line":53,"column":7},"end":{"line":55,"column":1}},"locations":[{"start":{"line":53,"column":7},"end":{"line":55,"column":1}}]},"15":{"type":"branch","line":54,"loc":{"start":{"line":54,"column":31},"end":{"line":54,"column":38}},"locations":[{"start":{"line":54,"column":31},"end":{"line":54,"column":38}}]}},"b":{"0":[11],"1":[3],"2":[8],"3":[3],"4":[5],"5":[7],"6":[11],"7":[36],"8":[12],"9":[72],"10":[216],"11":[126],"12":[1],"13":[12],"14":[6],"15":[2]},"fnMap":{"0":{"name":"fulltext","decl":{"start":{"line":12,"column":7},"end":{"line":22,"column":1}},"loc":{"start":{"line":12,"column":7},"end":{"line":22,"column":1}},"line":12},"1":{"name":"combinations","decl":{"start":{"line":24,"column":7},"end":{"line":37,"column":1}},"loc":{"start":{"line":24,"column":7},"end":{"line":37,"column":1}},"line":24},"2":{"name":"combineFacets","decl":{"start":{"line":39,"column":0},"end":{"line":42,"column":1}},"loc":{"start":{"line":39,"column":0},"end":{"line":42,"column":1}},"line":39},"3":{"name":"facetStats","decl":{"start":{"line":44,"column":7},"end":{"line":51,"column":1}},"loc":{"start":{"line":44,"column":7},"end":{"line":51,"column":1}},"line":44},"4":{"name":"getFacetStat","decl":{"start":{"line":53,"column":7},"end":{"line":55,"column":1}},"loc":{"start":{"line":53,"column":7},"end":{"line":55,"column":1}},"line":53},"5":{"name":"Search","decl":{"start":{"line":68,"column":7},"end":{"line":119,"column":1}},"loc":{"start":{"line":68,"column":7},"end":{"line":119,"column":1}},"line":68}},"f":{"0":0,"1":11,"2":12,"3":1,"4":6,"5":0}}
}
