TN:
SF:src/clusters.ts
FN:18,nonEmptyCandidateType
FN:34,getTypesInFile
FN:35,toSourceCandidateTypes
FN:36,(anonymous_3)
FN:52,(anonymous_4)
FN:58,chooseClusterNames
FN:62,chooseClusterFiles
FN:66,propertyToOutput
FN:73,chooseTypeFeatures
FN:107,similarityToOutput
FN:118,clustersToOutput
FN:123,(anonymous_11)
FN:126,(anonymous_12)
FNF:13
FNH:13
FNDA:18,nonEmptyCandidateType
FNDA:12,getTypesInFile
FNDA:12,toSourceCandidateTypes
FNDA:18,(anonymous_3)
FNDA:46,(anonymous_4)
FNDA:7,chooseClusterNames
FNDA:7,chooseClusterFiles
FNDA:12,propertyToOutput
FNDA:7,chooseTypeFeatures
FNDA:7,similarityToOutput
FNDA:7,clustersToOutput
FNDA:7,(anonymous_11)
FNDA:7,(anonymous_12)
DA:19,18
DA:23,16
DA:25,0
DA:27,2
DA:29,0
DA:31,0
DA:36,12
DA:38,18
DA:41,18
DA:49,12
DA:52,46
DA:53,12
DA:54,12
DA:55,12
DA:59,7
DA:63,7
DA:67,12
DA:74,7
DA:75,7
DA:79,7
DA:80,7
DA:84,7
DA:90,0
DA:94,0
DA:101,0
DA:108,7
DA:110,1
DA:112,6
DA:114,0
DA:122,7
DA:124,7
DA:126,7
DA:135,7
LF:33
LH:26
BRDA:19,0,0,0
BRDA:19,0,1,1
BRDA:19,0,2,16
BRDA:19,0,3,0
BRDA:19,0,4,2
BRDA:19,0,5,0
BRDA:38,1,0,2
BRDA:38,1,1,16
BRDA:39,2,0,2
BRDA:39,2,1,0
BRDA:80,3,0,0
BRDA:80,3,1,0
BRDA:80,3,2,7
BRDA:80,3,3,0
BRDA:80,3,4,0
BRDA:80,3,5,0
BRDA:108,4,0,1
BRDA:108,4,1,6
BRDA:108,4,2,0
BRF:19
BRH:9
end_of_record
TN:
SF:src/cmd.ts
FN:5,resolveConfig
FN:19,resolveOptions
FN:40,resolveOutputFilePath
FNF:3
FNH:1
FNDA:0,resolveConfig
FNDA:0,resolveOptions
FNDA:1,resolveOutputFilePath
DA:9,0
DA:10,0
DA:12,0
DA:13,0
DA:24,0
DA:25,0
DA:26,0
DA:27,0
DA:28,0
DA:29,0
DA:31,0
DA:33,0
DA:41,1
DA:42,1
DA:43,1
DA:44,0
DA:45,0
DA:48,1
DA:49,1
DA:52,1
DA:53,1
DA:54,1
DA:55,0
DA:58,0
DA:59,0
DA:60,0
DA:61,0
DA:64,1
LF:28
LH:9
BRDA:9,0,0,0
BRDA:25,1,0,0
BRDA:28,2,0,0
BRDA:43,3,0,0
BRDA:43,3,1,1
BRDA:44,4,0,0
BRDA:48,5,0,1
BRDA:52,6,0,1
BRDA:52,6,1,0
BRDA:54,7,0,0
BRDA:60,8,0,0
BRF:11
BRH:3
end_of_record
TN:
SF:src/config.ts
FN:20,loadConfig
FN:28,fromConfigFile
FN:32,fromCmdProps
FN:47,fromScanProps
FNF:4
FNH:4
FNDA:6,loadConfig
FNDA:1,fromConfigFile
FNDA:7,fromCmdProps
FNDA:3,fromScanProps
DA:14,3
DA:21,6
DA:22,5
DA:23,5
DA:25,1
DA:29,1
DA:33,7
DA:34,7
DA:38,7
DA:40,7
DA:48,3
LF:11
LH:11
BRDA:21,0,0,5
BRDA:33,1,0,4
BRDA:33,1,1,3
BRDA:34,2,0,1
BRDA:34,2,1,6
BRDA:38,3,0,7
BRDA:38,3,1,3
BRDA:38,3,2,3
BRF:8
BRH:8
end_of_record
TN:
SF:src/dev.ts
FNF:0
FNH:0
DA:5,0
DA:25,0
DA:31,0
DA:33,0
DA:34,0
DA:35,0
DA:37,0
DA:38,0
DA:39,0
DA:41,0
DA:42,0
DA:43,0
DA:44,0
LF:13
LH:0
BRF:0
BRH:0
end_of_record
TN:
SF:src/log.ts
FN:5,findPackageJSON
FN:16,(anonymous_1)
FN:17,(anonymous_2)
FN:18,(anonymous_3)
FN:19,(anonymous_4)
FN:22,createLogger
FN:25,(anonymous_6)
FN:43,(anonymous_7)
FN:46,(anonymous_8)
FNF:9
FNH:3
FNDA:0,findPackageJSON
FNDA:0,(anonymous_1)
FNDA:0,(anonymous_2)
FNDA:0,(anonymous_3)
FNDA:0,(anonymous_4)
FNDA:3,createLogger
FNDA:0,(anonymous_6)
FNDA:44,(anonymous_7)
FNDA:9,(anonymous_8)
DA:6,0
DA:7,0
DA:8,0
DA:9,0
DA:11,0
DA:12,0
DA:16,2
DA:17,2
DA:18,2
DA:19,2
DA:20,0
DA:23,3
DA:24,3
DA:26,0
DA:27,0
DA:28,0
DA:29,0
DA:30,0
DA:33,0
DA:34,0
DA:35,0
DA:36,0
DA:37,0
DA:38,0
DA:39,0
DA:40,0
DA:41,0
DA:44,44
DA:47,9
DA:48,9
DA:49,9
DA:50,9
DA:51,3
LF:33
LH:12
BRDA:8,0,0,0
BRDA:11,1,0,0
BRDA:17,2,0,0
BRDA:17,2,1,0
BRDA:27,3,0,0
BRDA:46,4,0,6
BRDA:50,5,0,3
BRF:7
BRH:2
end_of_record
TN:
SF:src/parse.ts
FN:16,getNodePos
FN:20,getNodeLines
FN:27,getPropertySignature
FN:45,getLiteralType
FN:52,(anonymous_4)
FN:56,(anonymous_5)
FN:67,functionSignature
FN:74,(anonymous_7)
FN:94,getFunctionType
FN:97,(anonymous_9)
FN:116,getUnionType
FN:119,(anonymous_11)
FN:123,(anonymous_12)
FN:139,getEnumType
FN:140,(anonymous_14)
FN:151,parseCandidate
FN:221,getAllCandidates
FN:223,(anonymous_17)
FN:237,visitTopLevelDeclarations
FN:241,(anonymous_19)
FN:244,(anonymous_20)
FN:245,(anonymous_21)
FN:248,(anonymous_22)
FN:254,removeAliasDuplicates
FN:256,(anonymous_24)
FN:258,(anonymous_25)
FN:260,(anonymous_26)
FN:268,(anonymous_27)
FN:269,(anonymous_28)
FN:271,(anonymous_29)
FN:292,(anonymous_30)
FN:292,(anonymous_31)
FN:295,parse
FNF:33
FNH:33
FNDA:34,getNodePos
FNDA:34,getNodeLines
FNDA:49,getPropertySignature
FNDA:26,getLiteralType
FNDA:49,(anonymous_4)
FNDA:49,(anonymous_5)
FNDA:5,functionSignature
FNDA:7,(anonymous_7)
FNDA:5,getFunctionType
FNDA:7,(anonymous_9)
FNDA:2,getUnionType
FNDA:6,(anonymous_11)
FNDA:6,(anonymous_12)
FNDA:1,getEnumType
FNDA:2,(anonymous_14)
FNDA:387,parseCandidate
FNDA:24,getAllCandidates
FNDA:370,(anonymous_17)
FNDA:24,visitTopLevelDeclarations
FNDA:370,(anonymous_19)
FNDA:50,(anonymous_20)
FNDA:40,(anonymous_21)
FNDA:306,(anonymous_22)
FNDA:26,removeAliasDuplicates
FNDA:40,(anonymous_24)
FNDA:3,(anonymous_25)
FNDA:12,(anonymous_26)
FNDA:3,(anonymous_27)
FNDA:3,(anonymous_28)
FNDA:3,(anonymous_29)
FNDA:40,(anonymous_30)
FNDA:37,(anonymous_31)
FNDA:22,parse
DA:17,34
DA:21,34
DA:28,49
DA:30,47
DA:36,2
DA:42,0
DA:51,26
DA:53,49
DA:54,49
DA:56,49
DA:57,26
DA:64,26
DA:73,5
DA:74,7
DA:78,5
DA:81,5
DA:91,5
DA:95,5
DA:96,5
DA:98,7
DA:104,5
DA:113,5
DA:117,2
DA:120,6
DA:124,6
DA:129,2
DA:136,2
DA:140,2
DA:141,1
DA:148,1
DA:152,387
DA:154,2
DA:155,2
DA:156,2
DA:159,1
DA:160,1
DA:161,1
DA:164,3
DA:167,3
DA:168,3
DA:169,3
DA:172,21
DA:173,0
DA:175,21
DA:177,2
DA:178,2
DA:179,2
DA:182,1
DA:183,1
DA:184,1
DA:187,18
DA:188,17
DA:189,17
DA:190,17
DA:191,17
DA:207,1
DA:210,24
DA:211,24
DA:212,24
DA:215,1
DA:216,1
DA:222,24
DA:223,24
DA:226,370
DA:227,370
DA:228,34
DA:230,370
DA:233,24
DA:234,24
DA:241,24
DA:242,370
DA:243,370
DA:244,21
DA:245,50
DA:248,349
DA:251,24
DA:255,26
DA:256,40
DA:257,26
DA:259,3
DA:261,12
DA:268,3
DA:269,26
DA:270,26
DA:272,3
DA:292,40
DA:296,22
DA:297,22
LF:88
LH:86
BRDA:28,0,0,47
BRDA:28,0,1,2
BRDA:37,1,0,2
BRDA:37,1,1,2
BRDA:51,2,0,26
BRDA:51,2,1,0
BRDA:73,3,0,5
BRDA:73,3,1,2
BRDA:76,4,0,7
BRDA:76,4,1,7
BRDA:76,4,2,0
BRDA:78,5,0,5
BRDA:78,5,1,4
BRDA:78,5,2,1
BRDA:96,6,0,5
BRDA:96,6,1,0
BRDA:99,7,0,7
BRDA:99,7,1,0
BRDA:117,8,0,2
BRDA:117,8,1,0
BRDA:120,9,0,6
BRDA:120,9,1,6
BRDA:140,10,0,1
BRDA:140,10,1,0
BRDA:152,11,0,2
BRDA:152,11,1,1
BRDA:152,11,2,3
BRDA:152,11,3,21
BRDA:152,11,4,24
BRDA:152,11,5,1
BRDA:167,12,0,3
BRDA:167,12,1,0
BRDA:172,13,0,0
BRDA:175,14,0,2
BRDA:175,14,1,1
BRDA:175,14,2,18
BRDA:187,15,0,17
BRDA:187,16,0,18
BRDA:187,16,1,18
BRDA:192,17,0,17
BRDA:192,17,1,17
BRDA:227,18,0,34
BRDA:243,19,0,21
BRDA:243,19,1,349
BRDA:261,20,0,8
BRDA:261,20,1,4
BRDA:261,21,0,12
BRDA:261,21,1,8
BRDA:261,21,2,8
BRDA:272,22,0,3
BRDA:272,22,1,0
BRDA:272,23,0,3
BRDA:272,23,1,3
BRDA:292,24,0,37
BRDA:292,24,1,34
BRF:55
BRH:46
end_of_record
TN:
SF:src/report.ts
FN:10,findTemplate
FN:25,report
FNF:2
FNH:2
FNDA:1,findTemplate
FNDA:1,report
DA:8,1
DA:11,1
DA:12,1
DA:13,1
DA:14,1
DA:15,1
DA:16,0
DA:18,1
DA:19,1
DA:21,0
DA:22,0
DA:26,1
DA:27,1
DA:28,1
DA:30,1
DA:32,1
DA:34,1
DA:36,1
DA:37,1
DA:39,1
DA:41,1
DA:43,1
DA:48,1
DA:49,1
DA:51,1
DA:52,1
DA:53,0
DA:54,0
DA:56,1
DA:58,1
DA:59,1
DA:63,1
DA:65,1
DA:67,1
DA:71,1
DA:73,1
DA:74,1
DA:75,1
DA:76,1
DA:77,1
DA:80,1
DA:81,1
DA:88,1
DA:89,1
LF:44
LH:39
BRDA:15,0,0,0
BRDA:18,1,0,1
BRDA:48,2,0,1
BRDA:52,3,0,0
BRDA:80,4,0,1
BRF:5
BRH:3
end_of_record
TN:
SF:src/scan.ts
FN:14,formatFileName
FN:29,scan
FN:48,(anonymous_2)
FN:49,(anonymous_3)
FNF:4
FNH:4
FNDA:6,formatFileName
FNDA:3,scan
FNDA:6,(anonymous_2)
FNDA:6,(anonymous_3)
DA:12,2
DA:15,6
DA:16,0
DA:17,0
DA:18,0
DA:19,0
DA:21,6
DA:30,3
DA:31,3
DA:32,3
DA:34,3
DA:35,3
DA:37,3
DA:39,3
DA:40,6
DA:41,6
DA:42,6
DA:43,6
DA:44,6
DA:45,6
DA:46,6
DA:48,6
DA:49,6
DA:51,3
DA:52,3
DA:53,3
DA:54,3
DA:56,3
DA:57,3
DA:59,3
DA:61,3
DA:62,3
DA:64,3
DA:65,3
DA:67,3
DA:68,3
DA:69,3
DA:71,3
DA:73,3
DA:83,3
DA:84,3
DA:86,3
LF:42
LH:38
BRDA:14,0,0,6
BRDA:15,1,0,0
BRF:2
BRH:1
end_of_record
TN:
SF:src/similarity.ts
FN:13,(anonymous_0)
FN:15,isLiteralType
FN:19,similarityForArray
FN:42,simplifyType
FN:49,similarity
FN:128,similarityMatrix
FN:135,(anonymous_6)
FN:156,toSimilarityPairs
FN:175,pairsToClusters
FN:184,(anonymous_9)
FNF:10
FNH:10
FNDA:40,(anonymous_0)
FNDA:74,isLiteralType
FNDA:16,similarityForArray
FNDA:74,simplifyType
FNDA:37,similarity
FNDA:7,similarityMatrix
FNDA:16,(anonymous_6)
FNDA:8,toSimilarityPairs
FNDA:8,pairsToClusters
FNDA:4,(anonymous_9)
DA:13,40
DA:16,74
DA:20,16
DA:21,16
DA:22,16
DA:24,16
DA:25,13
DA:28,3
DA:29,1
DA:32,2
DA:36,1
DA:39,1
DA:43,74
DA:44,35
DA:46,39
DA:50,37
DA:51,37
DA:52,37
DA:53,3
DA:56,34
DA:57,6
DA:58,6
DA:59,6
DA:60,6
DA:62,6
DA:63,6
DA:64,2
DA:66,4
DA:67,2
DA:69,2
DA:71,28
DA:72,8
DA:73,8
DA:74,8
DA:75,8
DA:77,8
DA:78,8
DA:79,2
DA:81,6
DA:82,3
DA:84,3
DA:86,20
DA:87,4
DA:88,4
DA:89,4
DA:90,4
DA:91,4
DA:95,4
DA:99,4
DA:104,4
DA:105,4
DA:106,3
DA:107,3
DA:109,0
DA:110,0
DA:113,1
DA:115,16
DA:116,16
DA:117,16
DA:118,16
DA:119,16
DA:120,16
DA:121,3
DA:123,13
DA:125,0
DA:129,7
DA:135,7
DA:136,16
DA:138,7
DA:139,7
DA:140,16
DA:141,42
DA:142,13
DA:143,13
DA:145,29
DA:146,29
DA:147,16
DA:149,13
DA:153,7
DA:157,8
DA:158,8
DA:159,8
DA:160,20
DA:161,58
DA:162,39
DA:164,19
DA:165,19
DA:166,5
DA:168,14
DA:172,8
DA:176,8
DA:177,0
DA:179,8
DA:180,8
DA:181,13
DA:182,9
DA:184,13
DA:185,13
DA:186,4
DA:188,9
DA:191,8
LF:101
LH:97
BRDA:24,0,0,13
BRDA:24,1,0,16
BRDA:24,1,1,14
BRDA:28,2,0,1
BRDA:32,3,0,1
BRDA:33,4,0,2
BRDA:33,4,1,2
BRDA:43,5,0,35
BRDA:52,6,0,3
BRDA:56,7,0,6
BRDA:56,8,0,34
BRDA:56,8,1,6
BRDA:62,9,0,6
BRDA:62,9,1,5
BRDA:63,10,0,2
BRDA:63,11,0,6
BRDA:63,11,1,4
BRDA:66,12,0,2
BRDA:71,13,0,8
BRDA:71,14,0,28
BRDA:71,14,1,8
BRDA:77,15,0,8
BRDA:77,15,1,6
BRDA:78,16,0,2
BRDA:78,17,0,8
BRDA:78,17,1,5
BRDA:81,18,0,3
BRDA:86,19,0,4
BRDA:86,20,0,20
BRDA:86,20,1,4
BRDA:99,21,0,4
BRDA:99,21,1,0
BRDA:100,22,0,3
BRDA:100,22,1,1
BRDA:105,23,0,3
BRDA:106,24,0,3
BRDA:106,25,0,3
BRDA:106,25,1,3
BRDA:109,26,0,0
BRDA:115,27,0,16
BRDA:115,28,0,16
BRDA:115,28,1,16
BRDA:120,29,0,3
BRDA:120,30,0,16
BRDA:120,30,1,6
BRDA:141,31,0,13
BRDA:146,32,0,16
BRDA:146,32,1,13
BRDA:161,33,0,39
BRDA:165,34,0,5
BRDA:176,35,0,0
BRDA:181,36,0,9
BRDA:184,37,0,4
BRDA:184,37,1,0
BRDA:185,38,0,4
BRDA:185,38,1,9
BRF:56
BRH:52
end_of_record
TN:
SF:src/source.ts
FN:7,highlight
FN:14,getCodeSnippet
FN:43,(anonymous_2)
FN:54,functionSignatureToStr
FN:61,(anonymous_4)
FN:68,(anonymous_5)
FNF:6
FNH:6
FNDA:18,highlight
FNDA:16,getCodeSnippet
FNDA:42,(anonymous_2)
FNDA:10,functionSignatureToStr
FNDA:6,(anonymous_4)
FNDA:8,(anonymous_5)
DA:8,18
DA:9,4
DA:11,18
DA:18,16
DA:19,16
DA:20,16
DA:21,16
DA:22,0
DA:24,16
DA:25,16
DA:26,234
DA:28,16
DA:29,16
DA:30,16
DA:31,157
DA:34,16
DA:35,16
DA:36,16
DA:37,16
DA:38,16
DA:39,161
DA:42,16
DA:43,42
DA:44,16
DA:51,16
DA:58,10
DA:59,10
DA:60,6
DA:61,6
DA:65,4
DA:68,8
LF:31
LH:30
BRDA:8,0,0,4
BRDA:21,1,0,0
BRDA:25,2,0,250
BRDA:25,2,1,242
BRDA:30,3,0,173
BRDA:30,3,1,162
BRDA:38,4,0,177
BRDA:38,4,1,167
BRDA:56,5,0,5
BRDA:56,6,0,5
BRDA:56,7,0,5
BRDA:58,8,0,10
BRDA:59,9,0,6
BRDA:60,10,0,3
BRDA:60,10,1,3
BRDA:61,11,0,3
BRDA:61,11,1,3
BRDA:66,12,0,4
BRDA:66,12,1,4
BRDA:67,13,0,2
BRDA:67,13,1,2
BRDA:68,14,0,4
BRDA:68,14,1,4
BRF:23
BRH:22
end_of_record
TN:
SF:src/ts-retype.ts
FN:43,parseCmdProps
FN:53,runGenerate
FN:61,main
FNF:3
FNH:0
FNDA:0,parseCmdProps
FNDA:0,runGenerate
FNDA:0,main
DA:11,0
DA:13,0
DA:16,0
DA:18,0
DA:44,0
DA:45,0
DA:46,0
DA:47,0
DA:54,0
DA:55,0
DA:56,0
DA:57,0
DA:58,0
DA:62,0
DA:64,0
DA:66,0
DA:68,0
DA:69,0
DA:70,0
DA:73,0
DA:74,0
DA:77,0
DA:79,0
DA:82,0
DA:83,0
LF:25
LH:0
BRDA:54,0,0,0
BRDA:54,0,1,0
BRDA:68,1,0,0
BRDA:73,2,0,0
BRDA:82,3,0,0
BRF:5
BRH:0
end_of_record
TN:
SF:src/utils.ts
FN:5,toName
FN:12,createFile
FN:16,loadFile
FN:20,getNodeText
FN:25,posToLine
FN:26,(anonymous_5)
FN:40,(anonymous_6)
FN:41,(anonymous_7)
FN:43,(anonymous_8)
FN:46,(anonymous_9)
FN:47,(anonymous_10)
FN:54,filterEmpty
FN:55,(anonymous_12)
FN:58,formatDuration
FN:75,freq
FN:76,(anonymous_15)
FN:80,(anonymous_16)
FN:83,selectIndices
FNF:18
FNH:15
FNDA:56,toName
FNDA:18,createFile
FNDA:6,loadFile
FNDA:94,getNodeText
FNDA:4,posToLine
FNDA:32,(anonymous_5)
FNDA:0,(anonymous_6)
FNDA:3,(anonymous_7)
FNDA:1,(anonymous_8)
FNDA:7,(anonymous_9)
FNDA:3,(anonymous_10)
FNDA:0,filterEmpty
FNDA:0,(anonymous_12)
FNDA:9,formatDuration
FNDA:7,freq
FNDA:16,(anonymous_15)
FNDA:14,(anonymous_16)
FNDA:21,selectIndices
DA:6,56
DA:7,56
DA:9,0
DA:13,18
DA:17,6
DA:21,94
DA:22,94
DA:26,4
DA:27,32
DA:28,32
DA:29,32
DA:30,78
DA:31,78
DA:32,24
DA:34,54
DA:36,8
DA:40,8
DA:41,8
DA:43,8
DA:44,1
DA:47,7
DA:55,0
DA:59,9
DA:60,9
DA:61,9
DA:63,0
DA:64,0
DA:65,0
DA:66,0
DA:68,0
DA:69,0
DA:70,0
DA:76,7
DA:77,16
DA:78,16
DA:80,14
DA:84,21
DA:85,21
DA:86,48
DA:87,48
DA:90,21
LF:41
LH:32
BRDA:6,0,0,56
BRDA:6,1,0,56
BRDA:6,1,1,56
BRDA:21,2,0,93
BRDA:21,2,1,1
BRDA:31,3,0,24
BRDA:47,4,0,2
BRDA:47,4,1,5
BRDA:60,5,0,9
BRDA:65,6,0,0
BRDA:77,7,0,16
BRDA:77,7,1,14
BRDA:86,8,0,48
BRDA:86,9,0,48
BRDA:86,9,1,48
BRF:15
BRH:14
end_of_record
TN:
SF:src/types/candidate.ts
FN:57,(anonymous_0)
FN:60,(anonymous_1)
FN:63,(anonymous_2)
FN:66,(anonymous_3)
FN:69,(anonymous_4)
FN:72,(anonymous_5)
FN:75,(anonymous_6)
FN:78,(anonymous_7)
FNF:8
FNH:7
FNDA:43,(anonymous_0)
FNDA:8,(anonymous_1)
FNDA:83,(anonymous_2)
FNDA:12,(anonymous_3)
FNDA:0,(anonymous_4)
FNDA:40,(anonymous_5)
FNDA:8,(anonymous_6)
FNDA:8,(anonymous_7)
DA:57,7
DA:58,43
DA:61,8
DA:64,83
DA:67,12
DA:70,0
DA:73,40
DA:76,8
DA:79,8
LF:9
LH:8
BRDA:67,0,0,12
BRDA:67,0,1,4
BRF:2
BRH:2
end_of_record
TN:
SF:src/types/defaults.ts
FNF:0
FNH:0
DA:4,3
DA:10,3
DA:20,3
LF:3
LH:3
BRF:0
BRH:0
end_of_record
TN:
SF:src/types/similarity.ts
FN:3,(anonymous_0)
FNF:1
FNH:1
FNDA:8,(anonymous_0)
DA:3,8
DA:4,8
DA:5,8
DA:6,8
DA:7,8
DA:8,8
LF:6
LH:6
BRDA:3,0,0,8
BRDA:3,0,1,8
BRF:2
BRH:2
end_of_record
TN:
SF:tests/lib/tests.ts
FN:3,expectSimilarity
FNF:1
FNH:1
FNDA:24,expectSimilarity
DA:4,24
LF:1
LH:1
BRF:0
BRH:0
end_of_record
