TN:
SF:src/clusters.ts
FN:18,nonEmptyCandidateType
FN:33,getTypesInFile
FN:34,toSourceCandidateTypes
FN:35,(anonymous_3)
FN:52,(anonymous_4)
FN:58,chooseClusterNames
FN:62,chooseClusterFiles
FN:66,propertyToOutput
FN:73,chooseTypeFeatures
FN:107,similarityToOutput
FN:118,clustersToOutput
FN:123,(anonymous_11)
FN:126,(anonymous_12)
FNF:13
FNH:13
FNDA:28,nonEmptyCandidateType
FNDA:20,getTypesInFile
FNDA:20,toSourceCandidateTypes
FNDA:28,(anonymous_3)
FNDA:91,(anonymous_4)
FNDA:8,chooseClusterNames
FNDA:8,chooseClusterFiles
FNDA:13,propertyToOutput
FNDA:8,chooseTypeFeatures
FNDA:8,similarityToOutput
FNDA:7,clustersToOutput
FNDA:8,(anonymous_11)
FNDA:8,(anonymous_12)
DA:19,28
DA:23,26
DA:25,0
DA:27,2
DA:29,0
DA:35,20
DA:37,28
DA:41,28
DA:49,20
DA:52,91
DA:53,20
DA:54,20
DA:55,20
DA:59,8
DA:63,8
DA:67,13
DA:74,8
DA:75,8
DA:79,8
DA:80,8
DA:84,8
DA:90,0
DA:94,0
DA:101,0
DA:108,8
DA:110,1
DA:112,6
DA:114,1
DA:122,7
DA:124,8
DA:126,8
DA:135,7
LF:32
LH:27
BRDA:19,0,0,0
BRDA:19,0,1,1
BRDA:19,0,2,26
BRDA:19,0,3,0
BRDA:19,0,4,2
BRDA:19,0,5,0
BRDA:37,1,0,2
BRDA:37,1,1,26
BRDA:38,2,0,2
BRDA:38,2,1,0
BRDA:80,3,0,0
BRDA:80,3,1,0
BRDA:80,3,2,8
BRDA:80,3,3,0
BRDA:80,3,4,0
BRDA:80,3,5,0
BRDA:108,4,0,1
BRDA:108,4,1,6
BRDA:108,4,2,1
BRF:19
BRH:10
end_of_record
TN:
SF:src/cmd.ts
FN:5,resolveConfig
FN:19,resolveOptions
FN:40,resolveOutputFilePath
FNF:3
FNH:1
FNDA:0,resolveConfig
FNDA:0,resolveOptions
FNDA:1,resolveOutputFilePath
DA:9,0
DA:10,0
DA:12,0
DA:13,0
DA:24,0
DA:25,0
DA:26,0
DA:27,0
DA:28,0
DA:29,0
DA:31,0
DA:33,0
DA:41,1
DA:42,1
DA:43,1
DA:44,0
DA:45,0
DA:48,1
DA:49,1
DA:52,1
DA:53,1
DA:54,1
DA:55,0
DA:58,0
DA:59,0
DA:60,0
DA:61,0
DA:64,1
LF:28
LH:9
BRDA:9,0,0,0
BRDA:25,1,0,0
BRDA:28,2,0,0
BRDA:43,3,0,0
BRDA:43,3,1,1
BRDA:44,4,0,0
BRDA:48,5,0,1
BRDA:52,6,0,1
BRDA:52,6,1,0
BRDA:54,7,0,0
BRDA:60,8,0,0
BRF:11
BRH:3
end_of_record
TN:
SF:src/config.ts
FN:20,loadConfig
FN:28,fromConfigFile
FN:32,fromCmdProps
FN:47,fromScanProps
FNF:4
FNH:4
FNDA:6,loadConfig
FNDA:1,fromConfigFile
FNDA:7,fromCmdProps
FNDA:3,fromScanProps
DA:14,3
DA:21,6
DA:22,5
DA:23,5
DA:25,1
DA:29,1
DA:33,7
DA:34,7
DA:38,7
DA:40,7
DA:48,3
LF:11
LH:11
BRDA:21,0,0,5
BRDA:33,1,0,4
BRDA:33,1,1,3
BRDA:34,2,0,1
BRDA:34,2,1,6
BRDA:38,3,0,7
BRDA:38,3,1,3
BRDA:38,3,2,3
BRF:8
BRH:8
end_of_record
TN:
SF:src/dev.ts
FNF:0
FNH:0
DA:5,0
DA:25,0
DA:31,0
DA:33,0
DA:34,0
DA:35,0
DA:37,0
DA:38,0
DA:39,0
DA:41,0
DA:42,0
DA:43,0
DA:44,0
LF:13
LH:0
BRF:0
BRH:0
end_of_record
TN:
SF:src/log.ts
FN:5,findPackageJSON
FN:16,(anonymous_1)
FN:17,(anonymous_2)
FN:18,(anonymous_3)
FN:19,(anonymous_4)
FN:22,createLogger
FN:25,(anonymous_6)
FN:43,(anonymous_7)
FN:46,(anonymous_8)
FNF:9
FNH:3
FNDA:0,findPackageJSON
FNDA:0,(anonymous_1)
FNDA:0,(anonymous_2)
FNDA:0,(anonymous_3)
FNDA:0,(anonymous_4)
FNDA:3,createLogger
FNDA:0,(anonymous_6)
FNDA:44,(anonymous_7)
FNDA:12,(anonymous_8)
DA:6,0
DA:7,0
DA:8,0
DA:9,0
DA:11,0
DA:12,0
DA:16,2
DA:17,2
DA:18,2
DA:19,2
DA:20,0
DA:23,3
DA:24,3
DA:26,0
DA:27,0
DA:28,0
DA:29,0
DA:30,0
DA:33,0
DA:34,0
DA:35,0
DA:36,0
DA:37,0
DA:38,0
DA:39,0
DA:40,0
DA:41,0
DA:44,44
DA:47,12
DA:48,12
DA:49,12
DA:50,12
DA:51,3
LF:33
LH:12
BRDA:8,0,0,0
BRDA:11,1,0,0
BRDA:17,2,0,0
BRDA:17,2,1,0
BRDA:27,3,0,0
BRDA:46,4,0,9
BRDA:50,5,0,3
BRF:7
BRH:2
end_of_record
TN:
SF:src/parse.ts
FN:19,asTypeInFile
FN:35,getPropertySignature
FN:51,getLiteralType
FN:58,(anonymous_3)
FN:62,(anonymous_4)
FN:72,functionSignature
FN:79,(anonymous_6)
FN:99,getFunctionType
FN:102,(anonymous_8)
FN:119,getUnionType
FN:122,(anonymous_10)
FN:126,(anonymous_11)
FN:141,getEnumType
FN:142,(anonymous_13)
FN:152,parseCandidate
FN:222,getAllCandidates
FN:224,(anonymous_16)
FN:238,visitTopLevelDeclarations
FN:242,(anonymous_18)
FN:245,(anonymous_19)
FN:246,(anonymous_20)
FN:249,(anonymous_21)
FN:255,removeAliasDuplicates
FN:257,(anonymous_23)
FN:259,(anonymous_24)
FN:261,(anonymous_25)
FN:269,(anonymous_26)
FN:270,(anonymous_27)
FN:272,(anonymous_28)
FN:293,(anonymous_29)
FN:293,(anonymous_30)
FN:296,parse
FNF:32
FNH:32
FNDA:44,asTypeInFile
FNDA:67,getPropertySignature
FNDA:36,getLiteralType
FNDA:67,(anonymous_3)
FNDA:67,(anonymous_4)
FNDA:5,functionSignature
FNDA:7,(anonymous_6)
FNDA:5,getFunctionType
FNDA:7,(anonymous_8)
FNDA:2,getUnionType
FNDA:6,(anonymous_10)
FNDA:6,(anonymous_11)
FNDA:1,getEnumType
FNDA:2,(anonymous_13)
FNDA:485,parseCandidate
FNDA:32,getAllCandidates
FNDA:460,(anonymous_16)
FNDA:32,visitTopLevelDeclarations
FNDA:460,(anonymous_18)
FNDA:74,(anonymous_19)
FNDA:55,(anonymous_20)
FNDA:373,(anonymous_21)
FNDA:34,removeAliasDuplicates
FNDA:50,(anonymous_23)
FNDA:3,(anonymous_24)
FNDA:12,(anonymous_25)
FNDA:3,(anonymous_26)
FNDA:3,(anonymous_27)
FNDA:3,(anonymous_28)
FNDA:50,(anonymous_29)
FNDA:47,(anonymous_30)
FNDA:30,parse
DA:20,44
DA:21,44
DA:22,44
DA:23,44
DA:27,44
DA:36,67
DA:38,65
DA:43,2
DA:48,0
DA:57,36
DA:59,67
DA:60,67
DA:62,67
DA:63,36
DA:69,36
DA:78,5
DA:79,7
DA:83,5
DA:86,5
DA:96,5
DA:100,5
DA:101,5
DA:103,7
DA:108,5
DA:116,5
DA:120,2
DA:123,6
DA:127,6
DA:132,2
DA:138,2
DA:142,2
DA:143,1
DA:149,1
DA:153,485
DA:155,2
DA:156,2
DA:157,2
DA:160,1
DA:161,1
DA:162,1
DA:165,3
DA:168,3
DA:169,3
DA:170,3
DA:173,29
DA:174,0
DA:176,29
DA:178,2
DA:179,2
DA:180,2
DA:183,1
DA:184,1
DA:185,1
DA:188,26
DA:189,25
DA:190,25
DA:191,25
DA:192,25
DA:208,1
DA:211,34
DA:212,34
DA:213,34
DA:216,1
DA:217,1
DA:223,32
DA:224,32
DA:227,460
DA:228,460
DA:229,44
DA:231,460
DA:234,32
DA:235,32
DA:242,32
DA:243,460
DA:244,460
DA:245,29
DA:246,74
DA:249,431
DA:252,32
DA:256,34
DA:257,50
DA:258,34
DA:260,3
DA:262,12
DA:269,3
DA:270,34
DA:271,34
DA:273,3
DA:293,50
DA:297,30
DA:298,30
LF:91
LH:89
BRDA:36,0,0,65
BRDA:36,0,1,2
BRDA:44,1,0,2
BRDA:44,1,1,2
BRDA:57,2,0,36
BRDA:57,2,1,0
BRDA:78,3,0,5
BRDA:78,3,1,2
BRDA:81,4,0,7
BRDA:81,4,1,7
BRDA:81,4,2,0
BRDA:83,5,0,5
BRDA:83,5,1,4
BRDA:83,5,2,1
BRDA:101,6,0,5
BRDA:101,6,1,0
BRDA:104,7,0,7
BRDA:104,7,1,0
BRDA:120,8,0,2
BRDA:120,8,1,0
BRDA:123,9,0,6
BRDA:123,9,1,6
BRDA:142,10,0,1
BRDA:142,10,1,0
BRDA:153,11,0,2
BRDA:153,11,1,1
BRDA:153,11,2,3
BRDA:153,11,3,29
BRDA:153,11,4,34
BRDA:153,11,5,1
BRDA:168,12,0,3
BRDA:168,12,1,0
BRDA:173,13,0,0
BRDA:176,14,0,2
BRDA:176,14,1,1
BRDA:176,14,2,26
BRDA:188,15,0,25
BRDA:188,16,0,26
BRDA:188,16,1,26
BRDA:193,17,0,25
BRDA:193,17,1,25
BRDA:228,18,0,44
BRDA:244,19,0,29
BRDA:244,19,1,431
BRDA:262,20,0,8
BRDA:262,20,1,4
BRDA:262,21,0,12
BRDA:262,21,1,8
BRDA:262,21,2,8
BRDA:273,22,0,3
BRDA:273,22,1,0
BRDA:273,23,0,3
BRDA:273,23,1,3
BRDA:293,24,0,47
BRDA:293,24,1,44
BRF:55
BRH:46
end_of_record
TN:
SF:src/report.ts
FN:10,findTemplate
FN:25,report
FNF:2
FNH:2
FNDA:1,findTemplate
FNDA:1,report
DA:8,1
DA:11,1
DA:12,1
DA:13,1
DA:14,1
DA:15,1
DA:16,0
DA:18,1
DA:19,1
DA:21,0
DA:22,0
DA:26,1
DA:27,1
DA:28,1
DA:30,1
DA:32,1
DA:34,1
DA:36,1
DA:37,1
DA:39,1
DA:41,1
DA:43,1
DA:48,1
DA:49,1
DA:51,1
DA:52,1
DA:53,0
DA:54,0
DA:56,1
DA:58,1
DA:59,1
DA:63,1
DA:65,1
DA:67,1
DA:71,1
DA:73,1
DA:74,1
DA:75,1
DA:76,1
DA:77,1
DA:80,1
DA:81,1
DA:88,1
DA:89,1
LF:44
LH:39
BRDA:15,0,0,0
BRDA:18,1,0,1
BRDA:48,2,0,1
BRDA:52,3,0,0
BRDA:80,4,0,1
BRF:5
BRH:3
end_of_record
TN:
SF:src/scan.ts
FN:14,formatFileName
FN:29,scan
FN:48,(anonymous_2)
FN:49,(anonymous_3)
FN:69,(anonymous_4)
FNF:5
FNH:5
FNDA:9,formatFileName
FNDA:3,scan
FNDA:9,(anonymous_2)
FNDA:9,(anonymous_3)
FNDA:4,(anonymous_4)
DA:12,2
DA:15,9
DA:16,0
DA:17,0
DA:18,0
DA:19,0
DA:21,9
DA:30,3
DA:31,3
DA:32,3
DA:34,3
DA:35,3
DA:37,3
DA:39,3
DA:40,9
DA:41,9
DA:42,9
DA:43,9
DA:44,9
DA:45,9
DA:46,9
DA:48,9
DA:49,9
DA:51,3
DA:52,3
DA:53,3
DA:54,3
DA:56,3
DA:57,3
DA:59,3
DA:61,3
DA:62,3
DA:64,3
DA:65,3
DA:67,3
DA:68,3
DA:69,4
DA:71,3
DA:73,3
DA:83,3
DA:84,3
DA:86,3
LF:42
LH:38
BRDA:14,0,0,9
BRDA:15,1,0,0
BRF:2
BRH:1
end_of_record
TN:
SF:src/similarity.ts
FN:13,(anonymous_0)
FN:15,isLiteralType
FN:19,similarityForArray
FN:42,simplifyType
FN:49,similarity
FN:128,similarityMatrix
FN:135,(anonymous_6)
FN:156,toSimilarityPairs
FN:175,pairsToClusters
FN:184,(anonymous_9)
FNF:10
FNH:10
FNDA:58,(anonymous_0)
FNDA:92,isLiteralType
FNDA:25,similarityForArray
FNDA:92,simplifyType
FNDA:46,similarity
FNDA:7,similarityMatrix
FNDA:19,(anonymous_6)
FNDA:8,toSimilarityPairs
FNDA:8,pairsToClusters
FNDA:4,(anonymous_9)
DA:13,58
DA:16,92
DA:20,25
DA:21,25
DA:22,25
DA:24,25
DA:25,13
DA:28,12
DA:29,2
DA:32,10
DA:36,1
DA:39,9
DA:43,92
DA:44,53
DA:46,39
DA:50,46
DA:51,46
DA:52,46
DA:53,3
DA:56,43
DA:57,6
DA:58,6
DA:59,6
DA:60,6
DA:62,6
DA:63,6
DA:64,2
DA:66,4
DA:67,2
DA:69,2
DA:71,37
DA:72,8
DA:73,8
DA:74,8
DA:75,8
DA:77,8
DA:78,8
DA:79,2
DA:81,6
DA:82,3
DA:84,3
DA:86,29
DA:87,4
DA:88,4
DA:89,4
DA:90,4
DA:91,4
DA:95,4
DA:99,4
DA:104,4
DA:105,4
DA:106,3
DA:107,3
DA:109,0
DA:110,0
DA:113,1
DA:115,25
DA:116,25
DA:117,25
DA:118,25
DA:119,25
DA:120,25
DA:121,3
DA:123,22
DA:125,0
DA:129,7
DA:135,7
DA:136,19
DA:138,7
DA:139,7
DA:140,19
DA:141,63
DA:142,22
DA:143,22
DA:145,41
DA:146,41
DA:147,19
DA:149,22
DA:153,7
DA:157,8
DA:158,8
DA:159,8
DA:160,23
DA:161,79
DA:162,51
DA:164,28
DA:165,28
DA:166,13
DA:168,15
DA:172,8
DA:176,8
DA:177,0
DA:179,8
DA:180,8
DA:181,14
DA:182,10
DA:184,14
DA:185,14
DA:186,4
DA:188,10
DA:191,8
LF:101
LH:97
BRDA:24,0,0,13
BRDA:24,1,0,25
BRDA:24,1,1,15
BRDA:28,2,0,2
BRDA:32,3,0,1
BRDA:33,4,0,10
BRDA:33,4,1,10
BRDA:43,5,0,53
BRDA:52,6,0,3
BRDA:56,7,0,6
BRDA:56,8,0,43
BRDA:56,8,1,6
BRDA:62,9,0,6
BRDA:62,9,1,5
BRDA:63,10,0,2
BRDA:63,11,0,6
BRDA:63,11,1,4
BRDA:66,12,0,2
BRDA:71,13,0,8
BRDA:71,14,0,37
BRDA:71,14,1,8
BRDA:77,15,0,8
BRDA:77,15,1,6
BRDA:78,16,0,2
BRDA:78,17,0,8
BRDA:78,17,1,5
BRDA:81,18,0,3
BRDA:86,19,0,4
BRDA:86,20,0,29
BRDA:86,20,1,4
BRDA:99,21,0,4
BRDA:99,21,1,0
BRDA:100,22,0,3
BRDA:100,22,1,1
BRDA:105,23,0,3
BRDA:106,24,0,3
BRDA:106,25,0,3
BRDA:106,25,1,3
BRDA:109,26,0,0
BRDA:115,27,0,25
BRDA:115,28,0,25
BRDA:115,28,1,25
BRDA:120,29,0,3
BRDA:120,30,0,25
BRDA:120,30,1,7
BRDA:141,31,0,22
BRDA:146,32,0,19
BRDA:146,32,1,22
BRDA:161,33,0,51
BRDA:165,34,0,13
BRDA:176,35,0,0
BRDA:181,36,0,10
BRDA:184,37,0,4
BRDA:184,37,1,0
BRDA:185,38,0,4
BRDA:185,38,1,10
BRF:56
BRH:52
end_of_record
TN:
SF:src/source.ts
FN:7,highlight
FN:14,getCodeSnippet
FN:52,functionSignatureToStr
FN:59,(anonymous_3)
FN:66,(anonymous_4)
FNF:5
FNH:5
FNDA:28,highlight
FNDA:44,getCodeSnippet
FNDA:10,functionSignatureToStr
FNDA:6,(anonymous_3)
FNDA:8,(anonymous_4)
DA:8,28
DA:9,5
DA:11,28
DA:15,44
DA:16,44
DA:17,44
DA:18,44
DA:19,44
DA:20,0
DA:22,44
DA:23,44
DA:24,646
DA:26,44
DA:27,44
DA:28,44
DA:29,319
DA:32,44
DA:34,44
DA:35,44
DA:36,88
DA:37,88
DA:41,475
DA:45,44
DA:46,44
DA:48,44
DA:49,44
DA:56,10
DA:57,10
DA:58,6
DA:59,6
DA:63,4
DA:66,8
LF:32
LH:31
BRDA:8,0,0,5
BRDA:19,1,0,0
BRDA:23,2,0,690
BRDA:23,2,1,666
BRDA:28,3,0,363
BRDA:28,3,1,333
BRDA:38,4,0,563
BRDA:38,4,1,496
BRDA:45,5,0,24
BRDA:45,5,1,20
BRDA:47,6,0,30
BRDA:47,6,1,14
BRDA:54,7,0,5
BRDA:54,8,0,5
BRDA:54,9,0,5
BRDA:56,10,0,10
BRDA:57,11,0,6
BRDA:58,12,0,3
BRDA:58,12,1,3
BRDA:59,13,0,3
BRDA:59,13,1,3
BRDA:64,14,0,4
BRDA:64,14,1,4
BRDA:65,15,0,2
BRDA:65,15,1,2
BRDA:66,16,0,4
BRDA:66,16,1,4
BRF:27
BRH:26
end_of_record
TN:
SF:src/ts-retype.ts
FN:19,buildProgram
FN:33,parseCmdProps
FN:43,runGenerate
FN:51,main
FNF:4
FNH:0
FNDA:0,buildProgram
FNDA:0,parseCmdProps
FNDA:0,runGenerate
FNDA:0,main
DA:12,0
DA:14,0
DA:17,0
DA:20,0
DA:21,0
DA:25,0
DA:34,0
DA:35,0
DA:36,0
DA:37,0
DA:44,0
DA:45,0
DA:46,0
DA:47,0
DA:48,0
DA:52,0
DA:54,0
DA:56,0
DA:58,0
DA:59,0
DA:60,0
DA:63,0
DA:64,0
DA:67,0
DA:69,0
DA:72,0
DA:73,0
LF:27
LH:0
BRDA:21,0,0,0
BRDA:21,0,1,0
BRDA:44,1,0,0
BRDA:44,1,1,0
BRDA:58,2,0,0
BRDA:63,3,0,0
BRDA:72,4,0,0
BRF:7
BRH:0
end_of_record
TN:
SF:src/utils.ts
FN:5,toName
FN:12,createFile
FN:16,loadFile
FN:20,getNodeText
FN:25,posToLine
FN:26,(anonymous_5)
FN:40,(anonymous_6)
FN:41,(anonymous_7)
FN:43,(anonymous_8)
FN:46,(anonymous_9)
FN:47,(anonymous_10)
FN:54,filterEmpty
FN:55,(anonymous_12)
FN:58,formatDuration
FN:75,freq
FN:76,(anonymous_15)
FN:80,(anonymous_16)
FN:83,selectIndices
FNF:18
FNH:14
FNDA:0,toName
FNDA:23,createFile
FNDA:9,loadFile
FNDA:112,getNodeText
FNDA:4,posToLine
FNDA:32,(anonymous_5)
FNDA:0,(anonymous_6)
FNDA:3,(anonymous_7)
FNDA:1,(anonymous_8)
FNDA:7,(anonymous_9)
FNDA:3,(anonymous_10)
FNDA:0,filterEmpty
FNDA:0,(anonymous_12)
FNDA:9,formatDuration
FNDA:8,freq
FNDA:18,(anonymous_15)
FNDA:15,(anonymous_16)
FNDA:24,selectIndices
DA:6,0
DA:7,0
DA:9,0
DA:13,23
DA:17,9
DA:21,112
DA:22,112
DA:26,4
DA:27,32
DA:28,32
DA:29,32
DA:30,78
DA:31,78
DA:32,24
DA:34,54
DA:36,8
DA:40,9
DA:41,9
DA:43,9
DA:44,1
DA:47,7
DA:55,0
DA:59,9
DA:60,9
DA:61,9
DA:63,0
DA:64,0
DA:65,0
DA:66,0
DA:68,0
DA:69,0
DA:70,0
DA:76,8
DA:77,18
DA:78,18
DA:80,15
DA:84,24
DA:85,24
DA:86,54
DA:87,54
DA:90,24
LF:41
LH:30
BRDA:6,0,0,0
BRDA:6,1,0,0
BRDA:6,1,1,0
BRDA:21,2,0,111
BRDA:21,2,1,1
BRDA:31,3,0,24
BRDA:47,4,0,2
BRDA:47,4,1,5
BRDA:60,5,0,9
BRDA:65,6,0,0
BRDA:77,7,0,18
BRDA:77,7,1,15
BRDA:86,8,0,54
BRDA:86,9,0,54
BRDA:86,9,1,54
BRF:15
BRH:11
end_of_record
TN:
SF:src/types/candidate.ts
FN:59,(anonymous_0)
FN:62,(anonymous_1)
FN:65,(anonymous_2)
FN:68,(anonymous_3)
FN:71,(anonymous_4)
FN:74,(anonymous_5)
FN:77,(anonymous_6)
FN:80,(anonymous_7)
FNF:8
FNH:7
FNDA:53,(anonymous_0)
FNDA:8,(anonymous_1)
FNDA:103,(anonymous_2)
FNDA:12,(anonymous_3)
FNDA:0,(anonymous_4)
FNDA:50,(anonymous_5)
FNDA:8,(anonymous_6)
FNDA:8,(anonymous_7)
DA:59,8
DA:60,53
DA:63,8
DA:66,103
DA:69,12
DA:72,0
DA:75,50
DA:78,8
DA:81,8
LF:9
LH:8
BRDA:69,0,0,12
BRDA:69,0,1,4
BRF:2
BRH:2
end_of_record
TN:
SF:src/types/defaults.ts
FNF:0
FNH:0
DA:4,3
DA:10,3
DA:20,3
LF:3
LH:3
BRF:0
BRH:0
end_of_record
TN:
SF:src/types/props.ts
FNF:0
FNH:0
DA:19,0
LF:1
LH:0
BRF:0
BRH:0
end_of_record
TN:
SF:src/types/similarity.ts
FN:3,(anonymous_0)
FNF:1
FNH:1
FNDA:9,(anonymous_0)
DA:3,9
DA:4,9
DA:5,9
DA:6,9
DA:7,9
DA:8,9
LF:6
LH:6
BRDA:3,0,0,9
BRDA:3,0,1,9
BRF:2
BRH:2
end_of_record
TN:
SF:tests/lib/tests.ts
FN:3,expectSimilarity
FNF:1
FNH:1
FNDA:24,expectSimilarity
DA:4,24
LF:1
LH:1
BRF:0
BRH:0
end_of_record
